<?xml version="1.0" encoding="UTF-8"?>
<coverage generated="1789819675822" clover="3.2.0">
  <project timestamp="1789819675822" name="All files">
    <metrics statements="4749" coveredstatements="1495" conditionals="4572" coveredconditionals="1142" methods="1355" coveredmethods="327" elements="10676" coveredelements="2964" complexity="0" loc="4749" ncloc="4749" packages="9" files="58" classes="58"/>
    <package name="markus">
      <metrics statements="18" coveredstatements="13" conditionals="2" coveredconditionals="0" methods="1" coveredmethods="0"/>
      <file name="vitest.setup.ts" path="/Users/liuqian/mycode/markus/vitest.setup.ts">
        <metrics statements="18" coveredstatements="13" conditionals="2" coveredconditionals="0" methods="1" coveredmethods="0"/>
        <line num="38" count="27" type="stmt"/>
        <line num="39" count="27" type="stmt"/>
        <line num="40" count="27" type="stmt"/>
        <line num="43" count="27" type="stmt"/>
        <line num="44" count="27" type="stmt"/>
        <line num="45" count="27" type="stmt"/>
        <line num="47" count="27" type="stmt"/>
        <line num="55" count="27" type="stmt"/>
        <line num="66" count="27" type="stmt"/>
        <line num="67" count="27" type="stmt"/>
        <line num="68" count="216" type="stmt"/>
        <line num="69" count="216" type="stmt"/>
        <line num="72" count="27" type="stmt"/>
        <line num="73" count="0" type="stmt"/>
        <line num="74" count="0" type="stmt"/>
        <line num="75" count="0" type="cond" truecount="0" falsecount="2"/>
        <line num="77" count="0" type="stmt"/>
        <line num="78" count="0" type="stmt"/>
      </file>
    </package>
    <package name="markus.packages.web-ui.src">
      <metrics statements="1050" coveredstatements="102" conditionals="725" coveredconditionals="31" methods="433" coveredmethods="19"/>
      <file name="animationBudget.ts" path="/Users/liuqian/mycode/markus/packages/web-ui/src/animationBudget.ts">
        <metrics statements="38" coveredstatements="38" conditionals="16" coveredconditionals="15" methods="8" coveredmethods="8"/>
        <line num="34" count="11" type="stmt"/>
        <line num="35" count="11" type="stmt"/>
        <line num="38" count="11" type="stmt"/>
        <line num="39" count="11" type="stmt"/>
        <line num="42" count="18" type="cond" truecount="4" falsecount="0"/>
        <line num="43" count="15" type="stmt"/>
        <line num="46" count="11" type="stmt"/>
        <line num="47" count="11" type="stmt"/>
        <line num="50" count="13" type="cond" truecount="1" falsecount="1"/>
        <line num="51" count="13" type="stmt"/>
        <line num="52" count="13" type="stmt"/>
        <line num="53" count="13" type="stmt"/>
        <line num="54" count="12" type="stmt"/>
        <line num="55" count="12" type="stmt"/>
        <line num="60" count="7" type="cond" truecount="2" falsecount="0"/>
        <line num="61" count="5" type="stmt"/>
        <line num="62" count="5" type="stmt"/>
        <line num="66" count="18" type="stmt"/>
        <line num="67" count="18" type="cond" truecount="2" falsecount="0"/>
        <line num="68" count="6" type="stmt"/>
        <line num="69" count="6" type="stmt"/>
        <line num="71" count="12" type="stmt"/>
        <line num="72" count="12" type="stmt"/>
        <line num="76" count="11" type="stmt"/>
        <line num="80" count="12" type="cond" truecount="4" falsecount="0"/>
        <line num="81" count="10" type="stmt"/>
        <line num="83" count="10" type="stmt"/>
        <line num="84" count="10" type="stmt"/>
        <line num="85" count="10" type="stmt"/>
        <line num="86" count="10" type="stmt"/>
        <line num="89" count="10" type="stmt"/>
        <line num="94" count="2" type="stmt"/>
        <line num="95" count="2" type="cond" truecount="2" falsecount="0"/>
        <line num="96" count="1" type="stmt"/>
        <line num="97" count="1" type="stmt"/>
        <line num="99" count="1" type="stmt"/>
        <line num="100" count="1" type="stmt"/>
        <line num="106" count="3" type="stmt"/>
      </file>
      <file name="api.ts" path="/Users/liuqian/mycode/markus/packages/web-ui/src/api.ts">
        <metrics statements="977" coveredstatements="46" conditionals="693" coveredconditionals="16" methods="412" coveredmethods="8"/>
        <line num="1" count="6" type="stmt"/>
        <line num="437" count="0" type="stmt"/>
        <line num="438" count="0" type="stmt"/>
        <line num="442" count="6" type="stmt"/>
        <line num="443" count="6" type="stmt"/>
        <line num="446" count="0" type="cond" truecount="0" falsecount="2"/>
        <line num="447" count="0" type="stmt"/>
        <line num="448" count="0" type="cond" truecount="0" falsecount="2"/>
        <line num="519" count="6" type="cond" truecount="2" falsecount="0"/>
        <line num="520" count="6" type="cond" truecount="2" falsecount="0"/>
        <line num="521" count="6" type="cond" truecount="1" falsecount="1"/>
        <line num="522" count="6" type="stmt"/>
        <line num="523" count="6" type="cond" truecount="2" falsecount="2"/>
        <line num="525" count="0" type="stmt"/>
        <line num="526" count="0" type="stmt"/>
        <line num="527" count="0" type="cond" truecount="0" falsecount="4"/>
        <line num="531" count="6" type="stmt"/>
        <line num="532" count="6" type="stmt"/>
        <line num="538" count="0" type="cond" truecount="0" falsecount="2"/>
        <line num="539" count="0" type="stmt"/>
        <line num="541" count="0" type="stmt"/>
        <line num="542" count="0" type="stmt"/>
        <line num="543" count="0" type="cond" truecount="0" falsecount="3"/>
        <line num="544" count="0" type="stmt"/>
        <line num="546" count="0" type="cond" truecount="0" falsecount="2"/>
        <line num="548" count="0" type="stmt"/>
        <line num="551" count="6" type="cond" truecount="1" falsecount="1"/>
        <line num="552" count="6" type="stmt"/>
        <line num="553" count="6" type="stmt"/>
        <line num="555" count="6" type="stmt"/>
        <line num="1307" count="4" type="cond" truecount="2" falsecount="0"/>
        <line num="1308" count="2" type="stmt"/>
        <line num="1311" count="6" type="stmt"/>
        <line num="1313" count="0" type="stmt"/>
        <line num="1314" count="0" type="stmt"/>
        <line num="1316" count="0" type="cond" truecount="0" falsecount="2"/>
        <line num="1317" count="0" type="stmt"/>
        <line num="1318" count="0" type="stmt"/>
        <line num="1320" count="0" type="stmt"/>
        <line num="1322" count="0" type="stmt"/>
        <line num="1324" count="0" type="stmt"/>
        <line num="1338" count="0" type="stmt"/>
        <line num="1347" count="0" type="cond" truecount="0" falsecount="2"/>
        <line num="1349" count="0" type="stmt"/>
        <line num="1350" count="0" type="stmt"/>
        <line num="1352" count="0" type="stmt"/>
        <line num="1356" count="0" type="stmt"/>
        <line num="1358" count="0" type="stmt"/>
        <line num="1359" count="0" type="stmt"/>
        <line num="1360" count="0" type="stmt"/>
        <line num="1362" count="0" type="stmt"/>
        <line num="1364" count="0" type="stmt"/>
        <line num="1366" count="0" type="stmt"/>
        <line num="1368" count="0" type="stmt"/>
        <line num="1370" count="0" type="cond" truecount="0" falsecount="2"/>
        <line num="1372" count="0" type="stmt"/>
        <line num="1374" count="0" type="stmt"/>
        <line num="1376" count="0" type="stmt"/>
        <line num="1378" count="0" type="stmt"/>
        <line num="1379" count="0" type="stmt"/>
        <line num="1380" count="0" type="stmt"/>
        <line num="1381" count="0" type="stmt"/>
        <line num="1382" count="0" type="stmt"/>
        <line num="1384" count="0" type="stmt"/>
        <line num="1386" count="0" type="stmt"/>
        <line num="1387" count="0" type="cond" truecount="0" falsecount="2"/>
        <line num="1388" count="0" type="cond" truecount="0" falsecount="2"/>
        <line num="1389" count="0" type="cond" truecount="0" falsecount="2"/>
        <line num="1390" count="0" type="cond" truecount="0" falsecount="2"/>
        <line num="1391" count="0" type="stmt"/>
        <line num="1392" count="0" type="cond" truecount="0" falsecount="2"/>
        <line num="1394" count="0" type="stmt"/>
        <line num="1396" count="0" type="stmt"/>
        <line num="1398" count="0" type="stmt"/>
        <line num="1399" count="0" type="cond" truecount="0" falsecount="2"/>
        <line num="1400" count="0" type="cond" truecount="0" falsecount="2"/>
        <line num="1401" count="0" type="cond" truecount="0" falsecount="2"/>
        <line num="1402" count="0" type="cond" truecount="0" falsecount="2"/>
        <line num="1403" count="0" type="cond" truecount="0" falsecount="2"/>
        <line num="1404" count="0" type="stmt"/>
        <line num="1405" count="0" type="cond" truecount="0" falsecount="2"/>
        <line num="1408" count="0" type="stmt"/>
        <line num="1415" count="0" type="stmt"/>
        <line num="1418" count="0" type="cond" truecount="0" falsecount="2"/>
        <line num="1419" count="0" type="stmt"/>
        <line num="1422" count="0" type="stmt"/>
        <line num="1423" count="0" type="stmt"/>
        <line num="1424" count="0" type="stmt"/>
        <line num="1440" count="0" type="cond" truecount="0" falsecount="2"/>
        <line num="1441" count="0" type="stmt"/>
        <line num="1442" count="0" type="cond" truecount="0" falsecount="2"/>
        <line num="1443" count="0" type="stmt"/>
        <line num="1444" count="0" type="stmt"/>
        <line num="1447" count="0" type="cond" truecount="0" falsecount="2"/>
        <line num="1448" count="0" type="stmt"/>
        <line num="1451" count="0" type="stmt"/>
        <line num="1455" count="0" type="stmt"/>
        <line num="1456" count="0" type="stmt"/>
        <line num="1457" count="0" type="stmt"/>
        <line num="1458" count="0" type="cond" truecount="0" falsecount="2"/>
        <line num="1459" count="0" type="stmt"/>
        <line num="1460" count="0" type="stmt"/>
        <line num="1461" count="0" type="cond" truecount="0" falsecount="2"/>
        <line num="1462" count="0" type="stmt"/>
        <line num="1463" count="0" type="stmt"/>
        <line num="1464" count="0" type="cond" truecount="0" falsecount="2"/>
        <line num="1465" count="0" type="stmt"/>
        <line num="1466" count="0" type="stmt"/>
        <line num="1467" count="0" type="cond" truecount="0" falsecount="4"/>
        <line num="1468" count="0" type="stmt"/>
        <line num="1469" count="0" type="stmt"/>
        <line num="1470" count="0" type="stmt"/>
        <line num="1477" count="0" type="cond" truecount="0" falsecount="4"/>
        <line num="1478" count="0" type="stmt"/>
        <line num="1479" count="0" type="stmt"/>
        <line num="1480" count="0" type="cond" truecount="0" falsecount="4"/>
        <line num="1481" count="0" type="stmt"/>
        <line num="1482" count="0" type="cond" truecount="0" falsecount="2"/>
        <line num="1483" count="0" type="cond" truecount="0" falsecount="2"/>
        <line num="1484" count="0" type="cond" truecount="0" falsecount="2"/>
        <line num="1485" count="0" type="stmt"/>
        <line num="1487" count="0" type="cond" truecount="0" falsecount="2"/>
        <line num="1488" count="0" type="stmt"/>
        <line num="1489" count="0" type="stmt"/>
        <line num="1490" count="0" type="stmt"/>
        <line num="1491" count="0" type="stmt"/>
        <line num="1499" count="0" type="stmt"/>
        <line num="1500" count="0" type="stmt"/>
        <line num="1501" count="0" type="stmt"/>
        <line num="1502" count="0" type="cond" truecount="0" falsecount="2"/>
        <line num="1503" count="0" type="stmt"/>
        <line num="1504" count="0" type="cond" truecount="0" falsecount="2"/>
        <line num="1505" count="0" type="cond" truecount="0" falsecount="3"/>
        <line num="1506" count="0" type="stmt"/>
        <line num="1507" count="0" type="stmt"/>
        <line num="1508" count="0" type="stmt"/>
        <line num="1509" count="0" type="stmt"/>
        <line num="1510" count="0" type="stmt"/>
        <line num="1511" count="0" type="cond" truecount="0" falsecount="4"/>
        <line num="1512" count="0" type="cond" truecount="0" falsecount="2"/>
        <line num="1513" count="0" type="cond" truecount="0" falsecount="4"/>
        <line num="1514" count="0" type="cond" truecount="0" falsecount="2"/>
        <line num="1515" count="0" type="cond" truecount="0" falsecount="4"/>
        <line num="1516" count="0" type="stmt"/>
        <line num="1517" count="0" type="cond" truecount="0" falsecount="5"/>
        <line num="1518" count="0" type="cond" truecount="0" falsecount="4"/>
        <line num="1519" count="0" type="stmt"/>
        <line num="1520" count="0" type="cond" truecount="0" falsecount="4"/>
        <line num="1521" count="0" type="stmt"/>
        <line num="1522" count="0" type="cond" truecount="0" falsecount="4"/>
        <line num="1523" count="0" type="stmt"/>
        <line num="1524" count="0" type="cond" truecount="0" falsecount="2"/>
        <line num="1525" count="0" type="stmt"/>
        <line num="1530" count="0" type="stmt"/>
        <line num="1531" count="0" type="stmt"/>
        <line num="1533" count="0" type="stmt"/>
        <line num="1534" count="0" type="cond" truecount="0" falsecount="4"/>
        <line num="1535" count="0" type="stmt"/>
        <line num="1541" count="0" type="stmt"/>
        <line num="1544" count="0" type="cond" truecount="0" falsecount="2"/>
        <line num="1546" count="0" type="stmt"/>
        <line num="1548" count="0" type="stmt"/>
        <line num="1550" count="0" type="cond" truecount="0" falsecount="4"/>
        <line num="1552" count="0" type="stmt"/>
        <line num="1554" count="0" type="stmt"/>
        <line num="1556" count="0" type="stmt"/>
        <line num="1558" count="0" type="stmt"/>
        <line num="1561" count="0" type="stmt"/>
        <line num="1564" count="0" type="stmt"/>
        <line num="1566" count="0" type="stmt"/>
        <line num="1568" count="0" type="stmt"/>
        <line num="1570" count="0" type="stmt"/>
        <line num="1572" count="0" type="stmt"/>
        <line num="1574" count="0" type="stmt"/>
        <line num="1576" count="0" type="stmt"/>
        <line num="1579" count="0" type="cond" truecount="0" falsecount="2"/>
        <line num="1594" count="0" type="stmt"/>
        <line num="1595" count="0" type="cond" truecount="0" falsecount="2"/>
        <line num="1596" count="0" type="cond" truecount="0" falsecount="2"/>
        <line num="1597" count="0" type="cond" truecount="0" falsecount="2"/>
        <line num="1598" count="0" type="cond" truecount="0" falsecount="2"/>
        <line num="1599" count="0" type="cond" truecount="0" falsecount="2"/>
        <line num="1600" count="0" type="cond" truecount="0" falsecount="2"/>
        <line num="1601" count="0" type="cond" truecount="0" falsecount="2"/>
        <line num="1602" count="0" type="cond" truecount="0" falsecount="2"/>
        <line num="1603" count="0" type="cond" truecount="0" falsecount="4"/>
        <line num="1604" count="0" type="cond" truecount="0" falsecount="4"/>
        <line num="1605" count="0" type="stmt"/>
        <line num="1606" count="0" type="cond" truecount="0" falsecount="2"/>
        <line num="1608" count="0" type="stmt"/>
        <line num="1610" count="0" type="stmt"/>
        <line num="1612" count="0" type="stmt"/>
        <line num="1614" count="0" type="stmt"/>
        <line num="1616" count="0" type="stmt"/>
        <line num="1617" count="0" type="cond" truecount="0" falsecount="2"/>
        <line num="1618" count="0" type="stmt"/>
        <line num="1619" count="0" type="cond" truecount="0" falsecount="1"/>
        <line num="1620" count="0" type="stmt"/>
        <line num="1622" count="0" type="stmt"/>
        <line num="1623" count="0" type="cond" truecount="0" falsecount="2"/>
        <line num="1624" count="0" type="stmt"/>
        <line num="1625" count="0" type="cond" truecount="0" falsecount="2"/>
        <line num="1627" count="0" type="stmt"/>
        <line num="1629" count="0" type="stmt"/>
        <line num="1631" count="0" type="stmt"/>
        <line num="1633" count="0" type="stmt"/>
        <line num="1635" count="0" type="stmt"/>
        <line num="1636" count="0" type="stmt"/>
        <line num="1637" count="0" type="cond" truecount="0" falsecount="4"/>
        <line num="1638" count="0" type="stmt"/>
        <line num="1639" count="0" type="cond" truecount="0" falsecount="2"/>
        <line num="1640" count="0" type="cond" truecount="0" falsecount="2"/>
        <line num="1641" count="0" type="stmt"/>
        <line num="1642" count="0" type="stmt"/>
        <line num="1643" count="0" type="stmt"/>
        <line num="1644" count="0" type="stmt"/>
        <line num="1645" count="0" type="stmt"/>
        <line num="1646" count="0" type="stmt"/>
        <line num="1648" count="0" type="cond" truecount="0" falsecount="4"/>
        <line num="1649" count="0" type="stmt"/>
        <line num="1650" count="0" type="stmt"/>
        <line num="1651" count="0" type="stmt"/>
        <line num="1653" count="0" type="stmt"/>
        <line num="1655" count="0" type="cond" truecount="0" falsecount="2"/>
        <line num="1656" count="0" type="stmt"/>
        <line num="1661" count="0" type="stmt"/>
        <line num="1675" count="0" type="stmt"/>
        <line num="1677" count="0" type="stmt"/>
        <line num="1679" count="0" type="stmt"/>
        <line num="1681" count="0" type="stmt"/>
        <line num="1685" count="0" type="stmt"/>
        <line num="1686" count="0" type="cond" truecount="0" falsecount="2"/>
        <line num="1687" count="0" type="cond" truecount="0" falsecount="2"/>
        <line num="1688" count="0" type="cond" truecount="0" falsecount="2"/>
        <line num="1689" count="0" type="cond" truecount="0" falsecount="2"/>
        <line num="1690" count="0" type="stmt"/>
        <line num="1691" count="0" type="cond" truecount="0" falsecount="2"/>
        <line num="1693" count="0" type="stmt"/>
        <line num="1695" count="0" type="stmt"/>
        <line num="1697" count="0" type="stmt"/>
        <line num="1699" count="0" type="stmt"/>
        <line num="1701" count="0" type="stmt"/>
        <line num="1703" count="0" type="stmt"/>
        <line num="1704" count="0" type="stmt"/>
        <line num="1705" count="0" type="stmt"/>
        <line num="1706" count="0" type="stmt"/>
        <line num="1707" count="0" type="stmt"/>
        <line num="1709" count="0" type="cond" truecount="0" falsecount="4"/>
        <line num="1712" count="0" type="cond" truecount="0" falsecount="2"/>
        <line num="1714" count="0" type="stmt"/>
        <line num="1716" count="0" type="stmt"/>
        <line num="1718" count="0" type="stmt"/>
        <line num="1720" count="0" type="stmt"/>
        <line num="1721" count="0" type="stmt"/>
        <line num="1725" count="0" type="cond" truecount="0" falsecount="2"/>
        <line num="1726" count="0" type="stmt"/>
        <line num="1728" count="0" type="stmt"/>
        <line num="1732" count="0" type="stmt"/>
        <line num="1735" count="0" type="stmt"/>
        <line num="1738" count="0" type="stmt"/>
        <line num="1739" count="0" type="cond" truecount="0" falsecount="2"/>
        <line num="1740" count="0" type="stmt"/>
        <line num="1746" count="0" type="stmt"/>
        <line num="1749" count="0" type="stmt"/>
        <line num="1751" count="0" type="stmt"/>
        <line num="1754" count="0" type="stmt"/>
        <line num="1755" count="0" type="stmt"/>
        <line num="1756" count="0" type="stmt"/>
        <line num="1757" count="0" type="stmt"/>
        <line num="1764" count="0" type="stmt"/>
        <line num="1768" count="0" type="stmt"/>
        <line num="1771" count="0" type="stmt"/>
        <line num="1773" count="0" type="stmt"/>
        <line num="1775" count="0" type="stmt"/>
        <line num="1781" count="0" type="stmt"/>
        <line num="1785" count="0" type="stmt"/>
        <line num="1791" count="0" type="stmt"/>
        <line num="1792" count="0" type="stmt"/>
        <line num="1802" count="0" type="stmt"/>
        <line num="1807" count="0" type="stmt"/>
        <line num="1809" count="0" type="stmt"/>
        <line num="1810" count="0" type="stmt"/>
        <line num="1819" count="0" type="stmt"/>
        <line num="1820" count="0" type="stmt"/>
        <line num="1821" count="0" type="stmt"/>
        <line num="1822" count="0" type="cond" truecount="0" falsecount="2"/>
        <line num="1823" count="0" type="stmt"/>
        <line num="1824" count="0" type="cond" truecount="0" falsecount="2"/>
        <line num="1825" count="0" type="stmt"/>
        <line num="1827" count="0" type="stmt"/>
        <line num="1828" count="0" type="stmt"/>
        <line num="1829" count="0" type="stmt"/>
        <line num="1830" count="0" type="stmt"/>
        <line num="1831" count="0" type="stmt"/>
        <line num="1834" count="0" type="stmt"/>
        <line num="1835" count="0" type="stmt"/>
        <line num="1844" count="0" type="stmt"/>
        <line num="1845" count="0" type="stmt"/>
        <line num="1846" count="0" type="cond" truecount="0" falsecount="2"/>
        <line num="1847" count="0" type="stmt"/>
        <line num="1852" count="0" type="cond" truecount="0" falsecount="2"/>
        <line num="1853" count="0" type="stmt"/>
        <line num="1854" count="0" type="stmt"/>
        <line num="1855" count="0" type="stmt"/>
        <line num="1856" count="0" type="stmt"/>
        <line num="1857" count="0" type="stmt"/>
        <line num="1858" count="0" type="cond" truecount="0" falsecount="2"/>
        <line num="1859" count="0" type="stmt"/>
        <line num="1860" count="0" type="stmt"/>
        <line num="1861" count="0" type="cond" truecount="0" falsecount="2"/>
        <line num="1862" count="0" type="stmt"/>
        <line num="1863" count="0" type="stmt"/>
        <line num="1864" count="0" type="cond" truecount="0" falsecount="4"/>
        <line num="1866" count="0" type="cond" truecount="0" falsecount="2"/>
        <line num="1867" count="0" type="stmt"/>
        <line num="1872" count="0" type="stmt"/>
        <line num="1873" count="0" type="stmt"/>
        <line num="1875" count="0" type="stmt"/>
        <line num="1877" count="0" type="stmt"/>
        <line num="1881" count="0" type="stmt"/>
        <line num="1882" count="0" type="stmt"/>
        <line num="1883" count="0" type="stmt"/>
        <line num="1884" count="0" type="stmt"/>
        <line num="1894" count="0" type="stmt"/>
        <line num="1898" count="0" type="stmt"/>
        <line num="1900" count="0" type="stmt"/>
        <line num="1901" count="0" type="stmt"/>
        <line num="1903" count="0" type="stmt"/>
        <line num="1905" count="0" type="stmt"/>
        <line num="1907" count="0" type="stmt"/>
        <line num="1908" count="0" type="stmt"/>
        <line num="1910" count="0" type="stmt"/>
        <line num="1911" count="0" type="stmt"/>
        <line num="1912" count="0" type="stmt"/>
        <line num="1914" count="0" type="stmt"/>
        <line num="1919" count="0" type="stmt"/>
        <line num="1921" count="0" type="stmt"/>
        <line num="1927" count="0" type="stmt"/>
        <line num="1928" count="0" type="stmt"/>
        <line num="1930" count="0" type="cond" truecount="0" falsecount="2"/>
        <line num="1931" count="0" type="stmt"/>
        <line num="1933" count="0" type="stmt"/>
        <line num="1936" count="0" type="stmt"/>
        <line num="1939" count="0" type="stmt"/>
        <line num="1941" count="0" type="stmt"/>
        <line num="1947" count="0" type="stmt"/>
        <line num="1948" count="0" type="stmt"/>
        <line num="1950" count="0" type="stmt"/>
        <line num="1962" count="0" type="cond" truecount="0" falsecount="2"/>
        <line num="1964" count="0" type="stmt"/>
        <line num="1965" count="0" type="cond" truecount="0" falsecount="2"/>
        <line num="1966" count="0" type="cond" truecount="0" falsecount="2"/>
        <line num="1967" count="0" type="cond" truecount="0" falsecount="2"/>
        <line num="1968" count="0" type="cond" truecount="0" falsecount="2"/>
        <line num="1969" count="0" type="cond" truecount="0" falsecount="2"/>
        <line num="1970" count="0" type="stmt"/>
        <line num="1971" count="0" type="cond" truecount="0" falsecount="2"/>
        <line num="1974" count="0" type="cond" truecount="0" falsecount="2"/>
        <line num="1976" count="0" type="stmt"/>
        <line num="1978" count="0" type="stmt"/>
        <line num="1980" count="0" type="stmt"/>
        <line num="1982" count="0" type="stmt"/>
        <line num="1988" count="0" type="stmt"/>
        <line num="1990" count="0" type="stmt"/>
        <line num="1992" count="0" type="stmt"/>
        <line num="1994" count="0" type="stmt"/>
        <line num="1996" count="0" type="stmt"/>
        <line num="1998" count="0" type="stmt"/>
        <line num="2000" count="0" type="stmt"/>
        <line num="2003" count="0" type="stmt"/>
        <line num="2017" count="0" type="stmt"/>
        <line num="2018" count="0" type="cond" truecount="0" falsecount="4"/>
        <line num="2019" count="0" type="stmt"/>
        <line num="2021" count="0" type="stmt"/>
        <line num="2022" count="0" type="stmt"/>
        <line num="2024" count="0" type="cond" truecount="0" falsecount="2"/>
        <line num="2025" count="0" type="stmt"/>
        <line num="2027" count="0" type="stmt"/>
        <line num="2031" count="0" type="stmt"/>
        <line num="2035" count="0" type="stmt"/>
        <line num="2037" count="0" type="stmt"/>
        <line num="2039" count="0" type="stmt"/>
        <line num="2041" count="0" type="stmt"/>
        <line num="2045" count="0" type="stmt"/>
        <line num="2046" count="0" type="stmt"/>
        <line num="2048" count="0" type="stmt"/>
        <line num="2050" count="0" type="stmt"/>
        <line num="2052" count="0" type="stmt"/>
        <line num="2054" count="0" type="stmt"/>
        <line num="2056" count="0" type="stmt"/>
        <line num="2058" count="0" type="stmt"/>
        <line num="2061" count="0" type="stmt"/>
        <line num="2062" count="0" type="stmt"/>
        <line num="2064" count="0" type="stmt"/>
        <line num="2066" count="0" type="stmt"/>
        <line num="2070" count="0" type="stmt"/>
        <line num="2078" count="0" type="stmt"/>
        <line num="2080" count="0" type="stmt"/>
        <line num="2084" count="0" type="stmt"/>
        <line num="2089" count="0" type="stmt"/>
        <line num="2092" count="0" type="stmt"/>
        <line num="2100" count="0" type="stmt"/>
        <line num="2108" count="0" type="stmt"/>
        <line num="2122" count="0" type="stmt"/>
        <line num="2123" count="0" type="stmt"/>
        <line num="2124" count="0" type="stmt"/>
        <line num="2126" count="0" type="stmt"/>
        <line num="2127" count="0" type="stmt"/>
        <line num="2128" count="0" type="stmt"/>
        <line num="2132" count="0" type="cond" truecount="0" falsecount="2"/>
        <line num="2133" count="0" type="stmt"/>
        <line num="2134" count="0" type="stmt"/>
        <line num="2136" count="0" type="cond" truecount="0" falsecount="2"/>
        <line num="2137" count="0" type="stmt"/>
        <line num="2138" count="0" type="stmt"/>
        <line num="2140" count="0" type="stmt"/>
        <line num="2141" count="0" type="cond" truecount="0" falsecount="2"/>
        <line num="2142" count="0" type="stmt"/>
        <line num="2143" count="0" type="stmt"/>
        <line num="2145" count="0" type="stmt"/>
        <line num="2146" count="0" type="stmt"/>
        <line num="2149" count="0" type="cond" truecount="0" falsecount="2"/>
        <line num="2150" count="0" type="stmt"/>
        <line num="2153" count="0" type="stmt"/>
        <line num="2157" count="0" type="stmt"/>
        <line num="2158" count="0" type="stmt"/>
        <line num="2159" count="0" type="stmt"/>
        <line num="2160" count="0" type="cond" truecount="0" falsecount="2"/>
        <line num="2161" count="0" type="stmt"/>
        <line num="2162" count="0" type="stmt"/>
        <line num="2163" count="0" type="cond" truecount="0" falsecount="2"/>
        <line num="2164" count="0" type="stmt"/>
        <line num="2165" count="0" type="stmt"/>
        <line num="2166" count="0" type="cond" truecount="0" falsecount="2"/>
        <line num="2167" count="0" type="stmt"/>
        <line num="2168" count="0" type="stmt"/>
        <line num="2169" count="0" type="stmt"/>
        <line num="2170" count="0" type="cond" truecount="0" falsecount="2"/>
        <line num="2171" count="0" type="cond" truecount="0" falsecount="2"/>
        <line num="2172" count="0" type="cond" truecount="0" falsecount="2"/>
        <line num="2173" count="0" type="stmt"/>
        <line num="2174" count="0" type="cond" truecount="0" falsecount="2"/>
        <line num="2175" count="0" type="stmt"/>
        <line num="2176" count="0" type="cond" truecount="0" falsecount="4"/>
        <line num="2178" count="0" type="stmt"/>
        <line num="2179" count="0" type="stmt"/>
        <line num="2180" count="0" type="cond" truecount="0" falsecount="4"/>
        <line num="2181" count="0" type="stmt"/>
        <line num="2182" count="0" type="cond" truecount="0" falsecount="2"/>
        <line num="2183" count="0" type="cond" truecount="0" falsecount="2"/>
        <line num="2184" count="0" type="cond" truecount="0" falsecount="2"/>
        <line num="2185" count="0" type="stmt"/>
        <line num="2186" count="0" type="cond" truecount="0" falsecount="2"/>
        <line num="2187" count="0" type="stmt"/>
        <line num="2188" count="0" type="stmt"/>
        <line num="2189" count="0" type="stmt"/>
        <line num="2190" count="0" type="stmt"/>
        <line num="2191" count="0" type="cond" truecount="0" falsecount="2"/>
        <line num="2192" count="0" type="cond" truecount="0" falsecount="3"/>
        <line num="2193" count="0" type="stmt"/>
        <line num="2194" count="0" type="stmt"/>
        <line num="2195" count="0" type="stmt"/>
        <line num="2196" count="0" type="cond" truecount="0" falsecount="4"/>
        <line num="2197" count="0" type="cond" truecount="0" falsecount="2"/>
        <line num="2198" count="0" type="cond" truecount="0" falsecount="4"/>
        <line num="2199" count="0" type="cond" truecount="0" falsecount="2"/>
        <line num="2200" count="0" type="cond" truecount="0" falsecount="5"/>
        <line num="2201" count="0" type="cond" truecount="0" falsecount="2"/>
        <line num="2202" count="0" type="stmt"/>
        <line num="2203" count="0" type="cond" truecount="0" falsecount="2"/>
        <line num="2204" count="0" type="stmt"/>
        <line num="2214" count="0" type="cond" truecount="0" falsecount="4"/>
        <line num="2215" count="0" type="stmt"/>
        <line num="2220" count="0" type="cond" truecount="0" falsecount="2"/>
        <line num="2221" count="0" type="stmt"/>
        <line num="2227" count="0" type="stmt"/>
        <line num="2228" count="0" type="stmt"/>
        <line num="2230" count="0" type="stmt"/>
        <line num="2232" count="0" type="stmt"/>
        <line num="2239" count="0" type="stmt"/>
        <line num="2243" count="0" type="stmt"/>
        <line num="2251" count="0" type="stmt"/>
        <line num="2253" count="0" type="stmt"/>
        <line num="2255" count="0" type="stmt"/>
        <line num="2257" count="0" type="stmt"/>
        <line num="2260" count="0" type="stmt"/>
        <line num="2262" count="0" type="stmt"/>
        <line num="2265" count="0" type="stmt"/>
        <line num="2267" count="0" type="stmt"/>
        <line num="2273" count="0" type="cond" truecount="0" falsecount="2"/>
        <line num="2274" count="0" type="stmt"/>
        <line num="2277" count="0" type="stmt"/>
        <line num="2281" count="0" type="stmt"/>
        <line num="2282" count="0" type="cond" truecount="0" falsecount="2"/>
        <line num="2283" count="0" type="cond" truecount="0" falsecount="2"/>
        <line num="2284" count="0" type="cond" truecount="0" falsecount="2"/>
        <line num="2285" count="0" type="cond" truecount="0" falsecount="2"/>
        <line num="2286" count="0" type="cond" truecount="0" falsecount="2"/>
        <line num="2287" count="0" type="stmt"/>
        <line num="2290" count="0" type="stmt"/>
        <line num="2291" count="0" type="stmt"/>
        <line num="2292" count="0" type="stmt"/>
        <line num="2297" count="0" type="stmt"/>
        <line num="2299" count="0" type="stmt"/>
        <line num="2301" count="0" type="stmt"/>
        <line num="2307" count="0" type="stmt"/>
        <line num="2308" count="0" type="cond" truecount="0" falsecount="2"/>
        <line num="2309" count="0" type="cond" truecount="0" falsecount="2"/>
        <line num="2310" count="0" type="cond" truecount="0" falsecount="2"/>
        <line num="2311" count="0" type="stmt"/>
        <line num="2318" count="0" type="stmt"/>
        <line num="2319" count="0" type="cond" truecount="0" falsecount="2"/>
        <line num="2320" count="0" type="cond" truecount="0" falsecount="2"/>
        <line num="2321" count="0" type="stmt"/>
        <line num="2322" count="0" type="cond" truecount="0" falsecount="2"/>
        <line num="2329" count="0" type="cond" truecount="0" falsecount="2"/>
        <line num="2330" count="0" type="stmt"/>
        <line num="2332" count="0" type="stmt"/>
        <line num="2334" count="0" type="stmt"/>
        <line num="2336" count="0" type="stmt"/>
        <line num="2338" count="0" type="stmt"/>
        <line num="2340" count="0" type="stmt"/>
        <line num="2347" count="0" type="stmt"/>
        <line num="2348" count="0" type="cond" truecount="0" falsecount="2"/>
        <line num="2349" count="0" type="cond" truecount="0" falsecount="2"/>
        <line num="2350" count="0" type="cond" truecount="0" falsecount="2"/>
        <line num="2351" count="0" type="stmt"/>
        <line num="2354" count="0" type="stmt"/>
        <line num="2356" count="0" type="stmt"/>
        <line num="2358" count="0" type="stmt"/>
        <line num="2360" count="0" type="stmt"/>
        <line num="2366" count="0" type="stmt"/>
        <line num="2367" count="0" type="cond" truecount="0" falsecount="2"/>
        <line num="2368" count="0" type="cond" truecount="0" falsecount="2"/>
        <line num="2369" count="0" type="cond" truecount="0" falsecount="2"/>
        <line num="2370" count="0" type="cond" truecount="0" falsecount="2"/>
        <line num="2371" count="0" type="cond" truecount="0" falsecount="2"/>
        <line num="2372" count="0" type="cond" truecount="0" falsecount="2"/>
        <line num="2373" count="0" type="cond" truecount="0" falsecount="2"/>
        <line num="2374" count="0" type="cond" truecount="0" falsecount="2"/>
        <line num="2375" count="0" type="cond" truecount="0" falsecount="2"/>
        <line num="2376" count="0" type="cond" truecount="0" falsecount="2"/>
        <line num="2377" count="0" type="stmt"/>
        <line num="2380" count="0" type="stmt"/>
        <line num="2382" count="0" type="stmt"/>
        <line num="2384" count="0" type="stmt"/>
        <line num="2386" count="0" type="stmt"/>
        <line num="2388" count="0" type="stmt"/>
        <line num="2390" count="0" type="stmt"/>
        <line num="2391" count="0" type="cond" truecount="0" falsecount="2"/>
        <line num="2392" count="0" type="stmt"/>
        <line num="2399" count="0" type="stmt"/>
        <line num="2400" count="0" type="cond" truecount="0" falsecount="2"/>
        <line num="2401" count="0" type="stmt"/>
        <line num="2402" count="0" type="stmt"/>
        <line num="2404" count="0" type="stmt"/>
        <line num="2406" count="0" type="stmt"/>
        <line num="2411" count="0" type="stmt"/>
        <line num="2412" count="0" type="stmt"/>
        <line num="2414" count="0" type="stmt"/>
        <line num="2416" count="0" type="stmt"/>
        <line num="2418" count="0" type="stmt"/>
        <line num="2420" count="0" type="stmt"/>
        <line num="2422" count="0" type="stmt"/>
        <line num="2426" count="0" type="stmt"/>
        <line num="2429" count="0" type="stmt"/>
        <line num="2431" count="0" type="stmt"/>
        <line num="2432" count="0" type="stmt"/>
        <line num="2434" count="0" type="stmt"/>
        <line num="2435" count="0" type="stmt"/>
        <line num="2437" count="0" type="stmt"/>
        <line num="2439" count="0" type="stmt"/>
        <line num="2447" count="0" type="stmt"/>
        <line num="2453" count="0" type="stmt"/>
        <line num="2454" count="0" type="stmt"/>
        <line num="2455" count="0" type="stmt"/>
        <line num="2456" count="0" type="stmt"/>
        <line num="2457" count="0" type="stmt"/>
        <line num="2458" count="0" type="stmt"/>
        <line num="2459" count="0" type="stmt"/>
        <line num="2460" count="0" type="stmt"/>
        <line num="2461" count="0" type="stmt"/>
        <line num="2462" count="0" type="stmt"/>
        <line num="2463" count="0" type="stmt"/>
        <line num="2467" count="0" type="stmt"/>
        <line num="2469" count="0" type="stmt"/>
        <line num="2471" count="0" type="stmt"/>
        <line num="2473" count="0" type="stmt"/>
        <line num="2475" count="0" type="stmt"/>
        <line num="2477" count="0" type="stmt"/>
        <line num="2479" count="0" type="cond" truecount="0" falsecount="2"/>
        <line num="2481" count="0" type="stmt"/>
        <line num="2483" count="0" type="stmt"/>
        <line num="2485" count="0" type="stmt"/>
        <line num="2487" count="0" type="stmt"/>
        <line num="2489" count="0" type="stmt"/>
        <line num="2507" count="0" type="stmt"/>
        <line num="2516" count="0" type="cond" truecount="0" falsecount="2"/>
        <line num="2517" count="0" type="stmt"/>
        <line num="2534" count="6" type="stmt"/>
        <line num="2535" count="6" type="stmt"/>
        <line num="2536" count="6" type="stmt"/>
        <line num="2537" count="6" type="stmt"/>
        <line num="2538" count="6" type="stmt"/>
        <line num="2540" count="6" type="stmt"/>
        <line num="2542" count="6" type="stmt"/>
        <line num="2544" count="6" type="stmt"/>
        <line num="2545" count="6" type="stmt"/>
        <line num="2546" count="6" type="stmt"/>
        <line num="2549" count="0" type="cond" truecount="0" falsecount="2"/>
        <line num="2551" count="0" type="cond" truecount="0" falsecount="5"/>
        <line num="2555" count="0" type="cond" truecount="0" falsecount="5"/>
        <line num="2556" count="0" type="stmt"/>
        <line num="2557" count="0" type="stmt"/>
        <line num="2558" count="0" type="stmt"/>
        <line num="2560" count="0" type="stmt"/>
        <line num="2564" count="0" type="stmt"/>
        <line num="2565" count="0" type="cond" truecount="0" falsecount="2"/>
        <line num="2566" count="0" type="stmt"/>
        <line num="2567" count="0" type="cond" truecount="0" falsecount="2"/>
        <line num="2568" count="0" type="cond" truecount="0" falsecount="2"/>
        <line num="2569" count="0" type="stmt"/>
        <line num="2570" count="0" type="cond" truecount="0" falsecount="2"/>
        <line num="2572" count="0" type="stmt"/>
        <line num="2573" count="0" type="stmt"/>
        <line num="2575" count="0" type="stmt"/>
        <line num="2576" count="0" type="stmt"/>
        <line num="2577" count="0" type="stmt"/>
        <line num="2580" count="0" type="stmt"/>
        <line num="2581" count="0" type="cond" truecount="0" falsecount="2"/>
        <line num="2582" count="0" type="stmt"/>
        <line num="2583" count="0" type="stmt"/>
        <line num="2584" count="0" type="cond" truecount="0" falsecount="2"/>
        <line num="2585" count="0" type="cond" truecount="0" falsecount="2"/>
        <line num="2586" count="0" type="stmt"/>
        <line num="2587" count="0" type="cond" truecount="0" falsecount="2"/>
        <line num="2588" count="0" type="stmt"/>
        <line num="2590" count="0" type="stmt"/>
        <line num="2591" count="0" type="cond" truecount="0" falsecount="2"/>
        <line num="2592" count="0" type="stmt"/>
        <line num="2597" count="0" type="stmt"/>
        <line num="2598" count="0" type="stmt"/>
        <line num="2599" count="0" type="cond" truecount="0" falsecount="2"/>
        <line num="2600" count="0" type="stmt"/>
        <line num="2604" count="0" type="stmt"/>
        <line num="2605" count="0" type="stmt"/>
        <line num="2608" count="0" type="stmt"/>
        <line num="2609" count="0" type="stmt"/>
        <line num="2614" count="0" type="stmt"/>
        <line num="2615" count="0" type="stmt"/>
        <line num="2616" count="0" type="cond" truecount="0" falsecount="2"/>
        <line num="2617" count="0" type="stmt"/>
        <line num="2623" count="0" type="cond" truecount="0" falsecount="2"/>
        <line num="2624" count="0" type="stmt"/>
        <line num="2625" count="0" type="stmt"/>
        <line num="2630" count="0" type="stmt"/>
        <line num="2631" count="0" type="stmt"/>
        <line num="2632" count="0" type="cond" truecount="0" falsecount="2"/>
        <line num="2633" count="0" type="cond" truecount="0" falsecount="2"/>
        <line num="2634" count="0" type="stmt"/>
        <line num="2635" count="0" type="stmt"/>
        <line num="2636" count="0" type="stmt"/>
        <line num="2641" count="0" type="cond" truecount="0" falsecount="2"/>
        <line num="2642" count="0" type="stmt"/>
        <line num="2643" count="0" type="stmt"/>
        <line num="2647" count="6" type="stmt"/>
        <line num="2651" count="6" type="cond" truecount="1" falsecount="1"/>
        <line num="2654" count="6" type="stmt"/>
        <line num="2661" count="0" type="cond" truecount="0" falsecount="2"/>
        <line num="2662" count="0" type="stmt"/>
        <line num="2663" count="0" type="stmt"/>
        <line num="2664" count="0" type="cond" truecount="0" falsecount="2"/>
        <line num="2665" count="0" type="stmt"/>
        <line num="2666" count="0" type="stmt"/>
        <line num="2667" count="0" type="stmt"/>
        <line num="2670" count="0" type="stmt"/>
        <line num="2674" count="6" type="cond" truecount="1" falsecount="1"/>
        <line num="2675" count="6" type="stmt"/>
        <line num="2676" count="6" type="stmt"/>
        <line num="2677" count="0" type="cond" truecount="0" falsecount="2"/>
        <line num="2682" count="0" type="cond" truecount="0" falsecount="2"/>
        <line num="2683" count="0" type="stmt"/>
        <line num="2685" count="0" type="stmt"/>
        <line num="2688" count="6" type="cond" truecount="1" falsecount="1"/>
        <line num="2689" count="6" type="stmt"/>
        <line num="2691" count="4" type="stmt"/>
        <line num="2692" count="4" type="cond" truecount="0" falsecount="2"/>
        <line num="2693" count="0" type="stmt"/>
        <line num="2696" count="0" type="stmt"/>
        <line num="2698" count="0" type="stmt"/>
        <line num="2704" count="0" type="stmt"/>
        <line num="2705" count="0" type="stmt"/>
        <line num="2706" count="0" type="cond" truecount="0" falsecount="2"/>
        <line num="2707" count="0" type="stmt"/>
        <line num="2708" count="0" type="stmt"/>
        <line num="2716" count="6" type="stmt"/>
        <line num="2717" count="6" type="stmt"/>
        <line num="2794" count="0" type="stmt"/>
        <line num="2807" count="0" type="stmt"/>
        <line num="2808" count="0" type="cond" truecount="0" falsecount="2"/>
        <line num="2809" count="0" type="stmt"/>
        <line num="2810" count="0" type="stmt"/>
        <line num="2812" count="0" type="stmt"/>
        <line num="2814" count="0" type="stmt"/>
        <line num="2815" count="0" type="stmt"/>
        <line num="2816" count="0" type="cond" truecount="0" falsecount="2"/>
        <line num="2817" count="0" type="stmt"/>
        <line num="2820" count="0" type="stmt"/>
        <line num="2821" count="0" type="stmt"/>
        <line num="2824" count="0" type="stmt"/>
        <line num="2828" count="0" type="stmt"/>
        <line num="2829" count="0" type="stmt"/>
        <line num="2830" count="0" type="cond" truecount="0" falsecount="2"/>
        <line num="2831" count="0" type="stmt"/>
        <line num="2839" count="0" type="cond" truecount="0" falsecount="2"/>
        <line num="2840" count="0" type="cond" truecount="0" falsecount="2"/>
        <line num="2841" count="0" type="stmt"/>
        <line num="2842" count="0" type="cond" truecount="0" falsecount="2"/>
        <line num="2843" count="0" type="cond" truecount="0" falsecount="2"/>
        <line num="2844" count="0" type="cond" truecount="0" falsecount="2"/>
        <line num="2848" count="0" type="stmt"/>
        <line num="2849" count="0" type="stmt"/>
        <line num="2850" count="0" type="stmt"/>
        <line num="2851" count="0" type="stmt"/>
        <line num="2855" count="0" type="stmt"/>
        <line num="2856" count="0" type="stmt"/>
        <line num="2857" count="0" type="stmt"/>
        <line num="2861" count="0" type="cond" truecount="0" falsecount="4"/>
        <line num="2862" count="0" type="stmt"/>
        <line num="2863" count="0" type="stmt"/>
        <line num="2864" count="0" type="stmt"/>
        <line num="2865" count="0" type="stmt"/>
        <line num="2869" count="0" type="stmt"/>
        <line num="2874" count="0" type="cond" truecount="0" falsecount="2"/>
        <line num="2875" count="0" type="stmt"/>
        <line num="2898" count="0" type="stmt"/>
        <line num="2899" count="0" type="stmt"/>
        <line num="2900" count="0" type="stmt"/>
        <line num="2904" count="0" type="cond" truecount="0" falsecount="4"/>
        <line num="2905" count="0" type="stmt"/>
        <line num="2906" count="0" type="cond" truecount="0" falsecount="2"/>
        <line num="2907" count="0" type="stmt"/>
        <line num="2910" count="0" type="stmt"/>
        <line num="2915" count="0" type="cond" truecount="0" falsecount="2"/>
        <line num="2916" count="0" type="stmt"/>
        <line num="2917" count="0" type="stmt"/>
        <line num="2918" count="0" type="stmt"/>
        <line num="2919" count="0" type="cond" truecount="0" falsecount="4"/>
        <line num="2920" count="0" type="stmt"/>
        <line num="2921" count="0" type="cond" truecount="0" falsecount="2"/>
        <line num="2922" count="0" type="cond" truecount="0" falsecount="4"/>
        <line num="2923" count="0" type="stmt"/>
        <line num="2938" count="6" type="stmt"/>
        <line num="2949" count="0" type="stmt"/>
        <line num="2950" count="0" type="stmt"/>
        <line num="2951" count="0" type="stmt"/>
        <line num="2952" count="0" type="cond" truecount="0" falsecount="5"/>
        <line num="2953" count="0" type="stmt"/>
        <line num="2954" count="0" type="stmt"/>
        <line num="2956" count="0" type="stmt"/>
        <line num="2958" count="0" type="stmt"/>
        <line num="2962" count="6" type="stmt"/>
        <line num="2963" count="6" type="cond" truecount="0" falsecount="2"/>
        <line num="2965" count="6" type="stmt"/>
        <line num="2969" count="0" type="stmt"/>
        <line num="2970" count="0" type="stmt"/>
        <line num="2974" count="0" type="stmt"/>
        <line num="2975" count="0" type="stmt"/>
        <line num="2976" count="0" type="stmt"/>
        <line num="2977" count="0" type="stmt"/>
        <line num="2978" count="0" type="cond" truecount="0" falsecount="2"/>
        <line num="2979" count="0" type="stmt"/>
        <line num="2980" count="0" type="stmt"/>
        <line num="2981" count="0" type="stmt"/>
        <line num="2982" count="0" type="stmt"/>
        <line num="2983" count="0" type="stmt"/>
        <line num="2984" count="0" type="stmt"/>
        <line num="2985" count="0" type="cond" truecount="0" falsecount="2"/>
        <line num="2986" count="0" type="cond" truecount="0" falsecount="2"/>
        <line num="2987" count="0" type="stmt"/>
        <line num="2988" count="0" type="stmt"/>
        <line num="2990" count="0" type="stmt"/>
        <line num="2993" count="0" type="stmt"/>
        <line num="2994" count="0" type="stmt"/>
        <line num="2995" count="0" type="cond" truecount="0" falsecount="4"/>
        <line num="2996" count="0" type="stmt"/>
        <line num="2997" count="0" type="stmt"/>
        <line num="2998" count="0" type="stmt"/>
        <line num="2999" count="0" type="cond" truecount="0" falsecount="5"/>
        <line num="3000" count="0" type="stmt"/>
        <line num="3001" count="0" type="stmt"/>
        <line num="3004" count="0" type="stmt"/>
        <line num="3009" count="0" type="cond" truecount="0" falsecount="4"/>
        <line num="3010" count="0" type="stmt"/>
        <line num="3014" count="0" type="stmt"/>
        <line num="3015" count="0" type="cond" truecount="0" falsecount="2"/>
        <line num="3016" count="0" type="stmt"/>
        <line num="3017" count="0" type="stmt"/>
        <line num="3019" count="0" type="stmt"/>
        <line num="3020" count="0" type="cond" truecount="0" falsecount="2"/>
        <line num="3021" count="0" type="stmt"/>
        <line num="3022" count="0" type="stmt"/>
        <line num="3024" count="0" type="cond" truecount="0" falsecount="2"/>
        <line num="3027" count="0" type="stmt"/>
        <line num="3028" count="0" type="stmt"/>
        <line num="3033" count="0" type="stmt"/>
        <line num="3034" count="0" type="stmt"/>
        <line num="3035" count="0" type="cond" truecount="0" falsecount="2"/>
        <line num="3036" count="0" type="stmt"/>
        <line num="3037" count="0" type="stmt"/>
        <line num="3038" count="0" type="stmt"/>
        <line num="3039" count="0" type="stmt"/>
        <line num="3041" count="0" type="cond" truecount="0" falsecount="2"/>
        <line num="3042" count="0" type="stmt"/>
        <line num="3043" count="0" type="stmt"/>
        <line num="3046" count="0" type="stmt"/>
        <line num="3047" count="0" type="stmt"/>
        <line num="3049" count="0" type="stmt"/>
        <line num="3050" count="0" type="stmt"/>
        <line num="3051" count="0" type="stmt"/>
        <line num="3052" count="0" type="cond" truecount="0" falsecount="2"/>
        <line num="3053" count="0" type="stmt"/>
        <line num="3056" count="0" type="stmt"/>
        <line num="3057" count="0" type="cond" truecount="0" falsecount="2"/>
        <line num="3058" count="0" type="stmt"/>
        <line num="3059" count="0" type="cond" truecount="0" falsecount="5"/>
        <line num="3060" count="0" type="stmt"/>
        <line num="3061" count="0" type="stmt"/>
        <line num="3062" count="0" type="stmt"/>
        <line num="3063" count="0" type="stmt"/>
        <line num="3064" count="0" type="stmt"/>
        <line num="3068" count="0" type="stmt"/>
        <line num="3070" count="0" type="cond" truecount="0" falsecount="4"/>
        <line num="3071" count="0" type="stmt"/>
        <line num="3073" count="0" type="stmt"/>
        <line num="3074" count="0" type="cond" truecount="0" falsecount="2"/>
        <line num="3075" count="0" type="cond" truecount="0" falsecount="2"/>
        <line num="3076" count="0" type="stmt"/>
        <line num="3077" count="0" type="stmt"/>
        <line num="3078" count="0" type="stmt"/>
        <line num="3079" count="0" type="cond" truecount="0" falsecount="2"/>
        <line num="3080" count="0" type="stmt"/>
        <line num="3081" count="0" type="stmt"/>
        <line num="3082" count="0" type="cond" truecount="0" falsecount="4"/>
        <line num="3083" count="0" type="stmt"/>
        <line num="3084" count="0" type="stmt"/>
        <line num="3085" count="0" type="cond" truecount="0" falsecount="2"/>
        <line num="3108" count="6" type="stmt"/>
        <line num="3110" count="0" type="cond" truecount="0" falsecount="2"/>
        <line num="3114" count="0" type="cond" truecount="0" falsecount="2"/>
        <line num="3116" count="0" type="stmt"/>
        <line num="3117" count="0" type="stmt"/>
        <line num="3118" count="0" type="cond" truecount="0" falsecount="4"/>
        <line num="3119" count="0" type="cond" truecount="0" falsecount="2"/>
        <line num="3120" count="0" type="stmt"/>
        <line num="3122" count="0" type="cond" truecount="0" falsecount="2"/>
        <line num="3124" count="0" type="stmt"/>
        <line num="3125" count="0" type="stmt"/>
        <line num="3126" count="0" type="stmt"/>
        <line num="3128" count="0" type="stmt"/>
        <line num="3129" count="0" type="cond" truecount="0" falsecount="2"/>
        <line num="3130" count="0" type="stmt"/>
        <line num="3132" count="0" type="stmt"/>
        <line num="3133" count="0" type="cond" truecount="0" falsecount="2"/>
        <line num="3134" count="0" type="stmt"/>
        <line num="3138" count="0" type="stmt"/>
        <line num="3139" count="0" type="stmt"/>
        <line num="3140" count="0" type="cond" truecount="0" falsecount="2"/>
        <line num="3141" count="0" type="stmt"/>
        <line num="3146" count="0" type="stmt"/>
        <line num="3147" count="0" type="cond" truecount="0" falsecount="4"/>
        <line num="3148" count="0" type="stmt"/>
        <line num="3150" count="0" type="cond" truecount="0" falsecount="2"/>
        <line num="3151" count="0" type="cond" truecount="0" falsecount="2"/>
        <line num="3156" count="0" type="cond" truecount="0" falsecount="2"/>
        <line num="3157" count="0" type="cond" truecount="0" falsecount="2"/>
        <line num="3158" count="0" type="stmt"/>
        <line num="3159" count="0" type="stmt"/>
        <line num="3161" count="0" type="stmt"/>
        <line num="3169" count="0" type="cond" truecount="0" falsecount="2"/>
        <line num="3170" count="0" type="stmt"/>
        <line num="3172" count="0" type="stmt"/>
        <line num="3173" count="0" type="stmt"/>
        <line num="3175" count="0" type="stmt"/>
        <line num="3179" count="6" type="stmt"/>
        <line num="3180" count="0" type="stmt"/>
        <line num="3182" count="0" type="stmt"/>
        <line num="3184" count="0" type="stmt"/>
        <line num="3189" count="0" type="stmt"/>
        <line num="3192" count="0" type="stmt"/>
        <line num="3193" count="0" type="stmt"/>
        <line num="3196" count="0" type="stmt"/>
        <line num="3199" count="0" type="stmt"/>
        <line num="3200" count="0" type="stmt"/>
        <line num="3203" count="0" type="stmt"/>
        <line num="3204" count="0" type="cond" truecount="0" falsecount="2"/>
        <line num="3205" count="0" type="cond" truecount="0" falsecount="2"/>
        <line num="3206" count="0" type="cond" truecount="0" falsecount="2"/>
        <line num="3207" count="0" type="cond" truecount="0" falsecount="2"/>
        <line num="3208" count="0" type="cond" truecount="0" falsecount="2"/>
        <line num="3209" count="0" type="cond" truecount="0" falsecount="2"/>
        <line num="3210" count="0" type="cond" truecount="0" falsecount="2"/>
        <line num="3211" count="0" type="stmt"/>
        <line num="3212" count="0" type="cond" truecount="0" falsecount="2"/>
        <line num="3214" count="0" type="stmt"/>
        <line num="3216" count="0" type="stmt"/>
        <line num="3217" count="0" type="stmt"/>
        <line num="3218" count="0" type="stmt"/>
        <line num="3220" count="0" type="cond" truecount="0" falsecount="2"/>
        <line num="3221" count="0" type="stmt"/>
        <line num="3225" count="0" type="stmt"/>
        <line num="3226" count="0" type="stmt"/>
        <line num="3227" count="0" type="stmt"/>
        <line num="3229" count="0" type="cond" truecount="0" falsecount="2"/>
        <line num="3230" count="0" type="stmt"/>
        <line num="3234" count="0" type="stmt"/>
        <line num="3235" count="0" type="stmt"/>
        <line num="3236" count="0" type="stmt"/>
        <line num="3237" count="0" type="stmt"/>
        <line num="3238" count="0" type="stmt"/>
        <line num="3244" count="0" type="cond" truecount="0" falsecount="2"/>
        <line num="3245" count="0" type="stmt"/>
        <line num="3246" count="0" type="stmt"/>
        <line num="3249" count="0" type="stmt"/>
        <line num="3250" count="0" type="stmt"/>
        <line num="3251" count="0" type="stmt"/>
        <line num="3260" count="0" type="cond" truecount="0" falsecount="2"/>
        <line num="3261" count="0" type="stmt"/>
        <line num="3263" count="0" type="stmt"/>
        <line num="3267" count="0" type="stmt"/>
        <line num="3268" count="0" type="stmt"/>
        <line num="3269" count="0" type="stmt"/>
        <line num="3271" count="0" type="cond" truecount="0" falsecount="2"/>
        <line num="3272" count="0" type="stmt"/>
        <line num="3276" count="0" type="stmt"/>
        <line num="3277" count="0" type="stmt"/>
        <line num="3280" count="0" type="cond" truecount="0" falsecount="2"/>
        <line num="3281" count="0" type="stmt"/>
        <line num="3284" count="0" type="stmt"/>
        <line num="3285" count="0" type="cond" truecount="0" falsecount="2"/>
        <line num="3286" count="0" type="cond" truecount="0" falsecount="2"/>
        <line num="3287" count="0" type="cond" truecount="0" falsecount="2"/>
        <line num="3288" count="0" type="cond" truecount="0" falsecount="2"/>
        <line num="3289" count="0" type="cond" truecount="0" falsecount="4"/>
        <line num="3290" count="0" type="stmt"/>
        <line num="3291" count="0" type="cond" truecount="0" falsecount="2"/>
        <line num="3294" count="0" type="cond" truecount="0" falsecount="2"/>
        <line num="3295" count="0" type="stmt"/>
        <line num="3296" count="0" type="cond" truecount="0" falsecount="2"/>
        <line num="3300" count="0" type="stmt"/>
        <line num="3301" count="0" type="stmt"/>
        <line num="3305" count="0" type="stmt"/>
        <line num="3307" count="0" type="stmt"/>
        <line num="3309" count="0" type="stmt"/>
        <line num="3313" count="0" type="stmt"/>
        <line num="3316" count="0" type="stmt"/>
        <line num="3329" count="0" type="stmt"/>
        <line num="3333" count="0" type="stmt"/>
        <line num="3345" count="0" type="stmt"/>
        <line num="3361" count="6" type="stmt"/>
        <line num="3364" count="0" type="cond" truecount="0" falsecount="4"/>
        <line num="3369" count="0" type="stmt"/>
        <line num="3370" count="0" type="cond" truecount="0" falsecount="2"/>
        <line num="3375" count="0" type="cond" truecount="0" falsecount="2"/>
        <line num="3376" count="0" type="cond" truecount="0" falsecount="2"/>
        <line num="3377" count="0" type="stmt"/>
        <line num="3378" count="0" type="cond" truecount="0" falsecount="2"/>
        <line num="3379" count="0" type="cond" truecount="0" falsecount="2"/>
        <line num="3384" count="0" type="stmt"/>
        <line num="3385" count="0" type="cond" truecount="0" falsecount="2"/>
        <line num="3386" count="0" type="cond" truecount="0" falsecount="2"/>
        <line num="3387" count="0" type="stmt"/>
        <line num="3388" count="0" type="cond" truecount="0" falsecount="2"/>
        <line num="3389" count="0" type="cond" truecount="0" falsecount="2"/>
        <line num="3391" count="0" type="stmt"/>
        <line num="3392" count="0" type="stmt"/>
        <line num="3393" count="0" type="stmt"/>
      </file>
      <file name="navBus.ts" path="/Users/liuqian/mycode/markus/packages/web-ui/src/navBus.ts">
        <metrics statements="12" coveredstatements="3" conditionals="6" coveredconditionals="0" methods="6" coveredmethods="0"/>
        <line num="9" count="4" type="stmt"/>
        <line num="11" count="4" type="stmt"/>
        <line num="13" count="4" type="stmt"/>
        <line num="14" count="0" type="stmt"/>
        <line num="16" count="0" type="cond" truecount="0" falsecount="2"/>
        <line num="17" count="0" type="stmt"/>
        <line num="19" count="0" type="stmt"/>
        <line num="20" count="0" type="stmt"/>
        <line num="23" count="0" type="cond" truecount="0" falsecount="2"/>
        <line num="26" count="0" type="stmt"/>
        <line num="30" count="0" type="cond" truecount="0" falsecount="2"/>
        <line num="31" count="0" type="stmt"/>
      </file>
      <file name="routes.ts" path="/Users/liuqian/mycode/markus/packages/web-ui/src/routes.ts">
        <metrics statements="23" coveredstatements="15" conditionals="10" coveredconditionals="0" methods="7" coveredmethods="3"/>
        <line num="8" count="4" type="stmt"/>
        <line num="22" count="4" type="stmt"/>
        <line num="26" count="4" type="stmt"/>
        <line num="47" count="4" type="stmt"/>
        <line num="59" count="4" type="stmt"/>
        <line num="60" count="36" type="stmt"/>
        <line num="65" count="0" type="cond" truecount="0" falsecount="2"/>
        <line num="70" count="0" type="cond" truecount="0" falsecount="2"/>
        <line num="71" count="0" type="cond" truecount="0" falsecount="2"/>
        <line num="72" count="0" type="cond" truecount="0" falsecount="2"/>
        <line num="77" count="0" type="stmt"/>
        <line num="78" count="0" type="stmt"/>
        <line num="83" count="0" type="stmt"/>
        <line num="84" count="0" type="cond" truecount="0" falsecount="2"/>
        <line num="89" count="4" type="stmt"/>
        <line num="97" count="4" type="stmt"/>
        <line num="116" count="4" type="stmt"/>
        <line num="123" count="4" type="stmt"/>
        <line num="135" count="4" type="stmt"/>
        <line num="147" count="4" type="stmt"/>
        <line num="148" count="32" type="stmt"/>
        <line num="149" count="28" type="stmt"/>
        <line num="155" count="4" type="stmt"/>
      </file>
    </package>
    <package name="markus.packages.web-ui.src.components">
      <metrics statements="1844" coveredstatements="454" conditionals="1959" coveredconditionals="271" methods="520" coveredmethods="97"/>
      <file name="ActivityIndicator.tsx" path="/Users/liuqian/mycode/markus/packages/web-ui/src/components/ActivityIndicator.tsx">
        <metrics statements="48" coveredstatements="14" conditionals="63" coveredconditionals="7" methods="17" coveredmethods="4"/>
        <line num="31" count="1" type="stmt"/>
        <line num="33" count="1" type="stmt"/>
        <line num="34" count="0" type="cond" truecount="0" falsecount="2"/>
        <line num="35" count="0" type="cond" truecount="0" falsecount="2"/>
        <line num="36" count="0" type="stmt"/>
        <line num="37" count="0" type="stmt"/>
        <line num="39" count="0" type="stmt"/>
        <line num="40" count="0" type="cond" truecount="0" falsecount="4"/>
        <line num="41" count="0" type="cond" truecount="0" falsecount="2"/>
        <line num="42" count="0" type="stmt"/>
        <line num="47" count="1" type="stmt"/>
        <line num="51" count="0" type="stmt"/>
        <line num="60" count="1" type="stmt"/>
        <line num="63" count="3" type="stmt"/>
        <line num="71" count="0" type="stmt"/>
        <line num="72" count="0" type="stmt"/>
        <line num="73" count="0" type="stmt"/>
        <line num="96" count="1" type="stmt"/>
        <line num="97" count="1" type="stmt"/>
        <line num="98" count="1" type="stmt"/>
        <line num="100" count="1" type="stmt"/>
        <line num="101" count="1" type="cond" truecount="1" falsecount="1"/>
        <line num="103" count="1" type="cond" truecount="2" falsecount="2"/>
        <line num="104" count="0" type="stmt"/>
        <line num="105" count="0" type="stmt"/>
        <line num="106" count="0" type="stmt"/>
        <line num="109" count="0" type="stmt"/>
        <line num="120" count="0" type="stmt"/>
        <line num="121" count="0" type="stmt"/>
        <line num="137" count="0" type="stmt"/>
        <line num="147" count="1" type="cond" truecount="1" falsecount="1"/>
        <line num="148" count="1" type="stmt"/>
        <line num="156" count="0" type="stmt"/>
        <line num="160" count="0" type="stmt"/>
        <line num="161" count="0" type="stmt"/>
        <line num="162" count="0" type="cond" truecount="0" falsecount="2"/>
        <line num="164" count="0" type="stmt"/>
        <line num="166" count="0" type="cond" truecount="0" falsecount="2"/>
        <line num="167" count="0" type="stmt"/>
        <line num="168" count="0" type="stmt"/>
        <line num="169" count="0" type="cond" truecount="0" falsecount="4"/>
        <line num="170" count="0" type="stmt"/>
        <line num="172" count="0" type="stmt"/>
        <line num="173" count="0" type="stmt"/>
        <line num="175" count="0" type="cond" truecount="0" falsecount="3"/>
        <line num="177" count="1" type="stmt"/>
        <line num="180" count="0" type="stmt"/>
        <line num="192" count="0" type="stmt"/>
      </file>
      <file name="Avatar.tsx" path="/Users/liuqian/mycode/markus/packages/web-ui/src/components/Avatar.tsx">
        <metrics statements="53" coveredstatements="0" conditionals="59" coveredconditionals="0" methods="14" coveredmethods="0"/>
        <line num="8" count="0" type="cond" truecount="0" falsecount="3"/>
        <line num="9" count="0" type="cond" truecount="0" falsecount="2"/>
        <line num="10" count="0" type="cond" truecount="0" falsecount="5"/>
        <line num="11" count="0" type="cond" truecount="0" falsecount="2"/>
        <line num="12" count="0" type="cond" truecount="0" falsecount="2"/>
        <line num="13" count="0" type="cond" truecount="0" falsecount="2"/>
        <line num="15" count="0" type="stmt"/>
        <line num="36" count="0" type="stmt"/>
        <line num="37" count="0" type="stmt"/>
        <line num="68" count="0" type="stmt"/>
        <line num="69" count="0" type="stmt"/>
        <line num="70" count="0" type="cond" truecount="0" falsecount="2"/>
        <line num="72" count="0" type="cond" truecount="0" falsecount="2"/>
        <line num="73" count="0" type="stmt"/>
        <line num="79" count="0" type="stmt"/>
        <line num="84" count="0" type="cond" truecount="0" falsecount="2"/>
        <line num="85" count="0" type="stmt"/>
        <line num="88" count="0" type="cond" truecount="0" falsecount="2"/>
        <line num="89" count="0" type="cond" truecount="0" falsecount="6"/>
        <line num="90" count="0" type="stmt"/>
        <line num="91" count="0" type="stmt"/>
        <line num="113" count="0" type="stmt"/>
        <line num="114" count="0" type="stmt"/>
        <line num="115" count="0" type="stmt"/>
        <line num="116" count="0" type="stmt"/>
        <line num="117" count="0" type="stmt"/>
        <line num="118" count="0" type="stmt"/>
        <line num="120" count="0" type="cond" truecount="0" falsecount="2"/>
        <line num="121" count="0" type="stmt"/>
        <line num="122" count="0" type="cond" truecount="0" falsecount="2"/>
        <line num="124" count="0" type="stmt"/>
        <line num="125" count="0" type="cond" truecount="0" falsecount="2"/>
        <line num="126" count="0" type="cond" truecount="0" falsecount="2"/>
        <line num="127" count="0" type="stmt"/>
        <line num="128" count="0" type="stmt"/>
        <line num="130" count="0" type="stmt"/>
        <line num="131" count="0" type="stmt"/>
        <line num="132" count="0" type="stmt"/>
        <line num="133" count="0" type="stmt"/>
        <line num="134" count="0" type="stmt"/>
        <line num="135" count="0" type="stmt"/>
        <line num="136" count="0" type="stmt"/>
        <line num="137" count="0" type="stmt"/>
        <line num="138" count="0" type="stmt"/>
        <line num="140" count="0" type="stmt"/>
        <line num="142" count="0" type="stmt"/>
        <line num="145" count="0" type="stmt"/>
        <line num="148" count="0" type="stmt"/>
        <line num="155" count="0" type="cond" truecount="0" falsecount="2"/>
        <line num="159" count="0" type="stmt"/>
        <line num="169" count="0" type="stmt"/>
        <line num="191" count="0" type="stmt"/>
        <line num="192" count="0" type="stmt"/>
      </file>
      <file name="CodeBlock.tsx" path="/Users/liuqian/mycode/markus/packages/web-ui/src/components/CodeBlock.tsx">
        <metrics statements="39" coveredstatements="19" conditionals="42" coveredconditionals="18" methods="9" coveredmethods="4"/>
        <line num="8" count="4" type="stmt"/>
        <line num="11" count="5" type="stmt"/>
        <line num="12" count="5" type="cond" truecount="4" falsecount="0"/>
        <line num="13" count="3" type="stmt"/>
        <line num="14" count="3" type="stmt"/>
        <line num="17" count="2" type="stmt"/>
        <line num="21" count="0" type="cond" truecount="0" falsecount="2"/>
        <line num="22" count="0" type="cond" truecount="0" falsecount="2"/>
        <line num="23" count="0" type="cond" truecount="0" falsecount="2"/>
        <line num="24" count="0" type="cond" truecount="0" falsecount="2"/>
        <line num="25" count="0" type="cond" truecount="0" falsecount="2"/>
        <line num="26" count="0" type="stmt"/>
        <line num="27" count="0" type="stmt"/>
        <line num="29" count="0" type="stmt"/>
        <line num="33" count="5" type="stmt"/>
        <line num="34" count="5" type="stmt"/>
        <line num="35" count="5" type="stmt"/>
        <line num="36" count="5" type="stmt"/>
        <line num="37" count="5" type="stmt"/>
        <line num="39" count="5" type="stmt"/>
        <line num="41" count="0" type="cond" truecount="0" falsecount="2"/>
        <line num="42" count="0" type="stmt"/>
        <line num="44" count="0" type="cond" truecount="0" falsecount="2"/>
        <line num="46" count="0" type="stmt"/>
        <line num="47" count="0" type="stmt"/>
        <line num="48" count="0" type="stmt"/>
        <line num="49" count="0" type="stmt"/>
        <line num="53" count="5" type="stmt"/>
        <line num="54" count="5" type="cond" truecount="2" falsecount="0"/>
        <line num="56" count="5" type="cond" truecount="1" falsecount="1"/>
        <line num="57" count="0" type="stmt"/>
        <line num="58" count="0" type="cond" truecount="0" falsecount="4"/>
        <line num="59" count="0" type="stmt"/>
        <line num="61" count="5" type="cond" truecount="4" falsecount="0"/>
        <line num="62" count="2" type="stmt"/>
        <line num="65" count="3" type="stmt"/>
        <line num="74" count="0" type="stmt"/>
        <line num="82" count="0" type="stmt"/>
        <line num="98" count="3" type="cond" truecount="1" falsecount="1"/>
      </file>
      <file name="CodingToolCard.tsx" path="/Users/liuqian/mycode/markus/packages/web-ui/src/components/CodingToolCard.tsx">
        <metrics statements="40" coveredstatements="4" conditionals="119" coveredconditionals="0" methods="12" coveredmethods="0"/>
        <line num="33" count="1" type="stmt"/>
        <line num="39" count="1" type="stmt"/>
        <line num="40" count="1" type="stmt"/>
        <line num="42" count="1" type="stmt"/>
        <line num="53" count="0" type="cond" truecount="0" falsecount="2"/>
        <line num="54" count="0" type="stmt"/>
        <line num="61" count="0" type="cond" truecount="0" falsecount="2"/>
        <line num="62" count="0" type="cond" truecount="0" falsecount="2"/>
        <line num="63" count="0" type="stmt"/>
        <line num="64" count="0" type="cond" truecount="0" falsecount="2"/>
        <line num="65" count="0" type="cond" truecount="0" falsecount="2"/>
        <line num="66" count="0" type="stmt"/>
        <line num="67" count="0" type="cond" truecount="0" falsecount="2"/>
        <line num="69" count="0" type="cond" truecount="0" falsecount="4"/>
        <line num="70" count="0" type="stmt"/>
        <line num="72" count="0" type="stmt"/>
        <line num="76" count="0" type="cond" truecount="0" falsecount="2"/>
        <line num="77" count="0" type="cond" truecount="0" falsecount="2"/>
        <line num="78" count="0" type="stmt"/>
        <line num="79" count="0" type="cond" truecount="0" falsecount="2"/>
        <line num="88" count="0" type="stmt"/>
        <line num="89" count="0" type="stmt"/>
        <line num="90" count="0" type="stmt"/>
        <line num="92" count="0" type="cond" truecount="0" falsecount="3"/>
        <line num="93" count="0" type="cond" truecount="0" falsecount="3"/>
        <line num="94" count="0" type="cond" truecount="0" falsecount="2"/>
        <line num="96" count="0" type="stmt"/>
        <line num="97" count="0" type="cond" truecount="0" falsecount="2"/>
        <line num="98" count="0" type="stmt"/>
        <line num="99" count="0" type="stmt"/>
        <line num="102" count="0" type="stmt"/>
        <line num="103" count="0" type="stmt"/>
        <line num="104" count="0" type="cond" truecount="0" falsecount="6"/>
        <line num="106" count="0" type="cond" truecount="0" falsecount="2"/>
        <line num="114" count="0" type="stmt"/>
        <line num="151" count="0" type="cond" truecount="0" falsecount="4"/>
        <line num="152" count="0" type="cond" truecount="0" falsecount="2"/>
        <line num="153" count="0" type="cond" truecount="0" falsecount="3"/>
        <line num="154" count="0" type="stmt"/>
        <line num="218" count="0" type="stmt"/>
      </file>
      <file name="ConfirmModal.tsx" path="/Users/liuqian/mycode/markus/packages/web-ui/src/components/ConfirmModal.tsx">
        <metrics statements="16" coveredstatements="0" conditionals="31" coveredconditionals="0" methods="8" coveredmethods="0"/>
        <line num="45" count="0" type="stmt"/>
        <line num="46" count="0" type="stmt"/>
        <line num="47" count="0" type="stmt"/>
        <line num="48" count="0" type="stmt"/>
        <line num="49" count="0" type="cond" truecount="0" falsecount="4"/>
        <line num="50" count="0" type="stmt"/>
        <line num="53" count="0" type="stmt"/>
        <line num="54" count="0" type="cond" truecount="0" falsecount="2"/>
        <line num="58" count="0" type="stmt"/>
        <line num="62" count="0" type="stmt"/>
        <line num="84" count="0" type="stmt"/>
        <line num="88" count="0" type="stmt"/>
        <line num="101" count="0" type="cond" truecount="0" falsecount="2"/>
        <line num="102" count="0" type="cond" truecount="0" falsecount="2"/>
        <line num="103" count="0" type="stmt"/>
        <line num="112" count="0" type="cond" truecount="0" falsecount="2"/>
      </file>
      <file name="DeliverableDetailModal.tsx" path="/Users/liuqian/mycode/markus/packages/web-ui/src/components/DeliverableDetailModal.tsx">
        <metrics statements="18" coveredstatements="3" conditionals="33" coveredconditionals="0" methods="12" coveredmethods="0"/>
        <line num="7" count="4" type="stmt"/>
        <line num="9" count="4" type="stmt"/>
        <line num="14" count="4" type="stmt"/>
        <line num="29" count="0" type="stmt"/>
        <line num="30" count="0" type="cond" truecount="0" falsecount="2"/>
        <line num="31" count="0" type="cond" truecount="0" falsecount="2"/>
        <line num="32" count="0" type="cond" truecount="0" falsecount="2"/>
        <line num="34" count="0" type="stmt"/>
        <line num="35" count="0" type="cond" truecount="0" falsecount="2"/>
        <line num="36" count="0" type="stmt"/>
        <line num="37" count="0" type="stmt"/>
        <line num="45" count="0" type="stmt"/>
        <line num="49" count="0" type="stmt"/>
        <line num="94" count="0" type="stmt"/>
        <line num="99" count="0" type="stmt"/>
        <line num="131" count="0" type="stmt"/>
        <line num="147" count="0" type="stmt"/>
        <line num="164" count="0" type="cond" truecount="0" falsecount="2"/>
      </file>
      <file name="DiagramToggleBlock.tsx" path="/Users/liuqian/mycode/markus/packages/web-ui/src/components/DiagramToggleBlock.tsx">
        <metrics statements="11" coveredstatements="5" conditionals="10" coveredconditionals="3" methods="5" coveredmethods="1"/>
        <line num="12" count="2" type="stmt"/>
        <line num="13" count="2" type="stmt"/>
        <line num="14" count="2" type="stmt"/>
        <line num="16" count="2" type="stmt"/>
        <line num="17" count="0" type="stmt"/>
        <line num="18" count="0" type="cond" truecount="0" falsecount="2"/>
        <line num="19" count="0" type="stmt"/>
        <line num="20" count="0" type="stmt"/>
        <line num="24" count="2" type="stmt"/>
        <line num="32" count="0" type="stmt"/>
        <line num="48" count="0" type="stmt"/>
      </file>
      <file name="DirectoryPreview.tsx" path="/Users/liuqian/mycode/markus/packages/web-ui/src/components/DirectoryPreview.tsx">
        <metrics statements="55" coveredstatements="2" conditionals="78" coveredconditionals="0" methods="15" coveredmethods="0"/>
        <line num="5" count="0" type="cond" truecount="0" falsecount="4"/>
        <line num="6" count="0" type="cond" truecount="0" falsecount="2"/>
        <line num="7" count="0" type="cond" truecount="0" falsecount="2"/>
        <line num="8" count="0" type="stmt"/>
        <line num="13" count="0" type="cond" truecount="0" falsecount="2"/>
        <line num="14" count="0" type="cond" truecount="0" falsecount="2"/>
        <line num="15" count="0" type="stmt"/>
        <line num="16" count="0" type="stmt"/>
        <line num="19" count="0" type="stmt"/>
        <line num="20" count="0" type="cond" truecount="0" falsecount="2"/>
        <line num="21" count="0" type="stmt"/>
        <line num="22" count="0" type="stmt"/>
        <line num="24" count="0" type="stmt"/>
        <line num="28" count="0" type="cond" truecount="0" falsecount="4"/>
        <line num="29" count="0" type="stmt"/>
        <line num="30" count="0" type="cond" truecount="0" falsecount="4"/>
        <line num="31" count="0" type="stmt"/>
        <line num="34" count="4" type="stmt"/>
        <line num="40" count="4" type="stmt"/>
        <line num="47" count="0" type="cond" truecount="0" falsecount="2"/>
        <line num="48" count="0" type="cond" truecount="0" falsecount="2"/>
        <line num="49" count="0" type="stmt"/>
        <line num="50" count="0" type="cond" truecount="0" falsecount="2"/>
        <line num="51" count="0" type="cond" truecount="0" falsecount="2"/>
        <line num="52" count="0" type="cond" truecount="0" falsecount="2"/>
        <line num="68" count="0" type="stmt"/>
        <line num="69" count="0" type="cond" truecount="0" falsecount="2"/>
        <line num="70" count="0" type="stmt"/>
        <line num="72" count="0" type="stmt"/>
        <line num="73" count="0" type="stmt"/>
        <line num="74" count="0" type="stmt"/>
        <line num="76" count="0" type="cond" truecount="0" falsecount="4"/>
        <line num="77" count="0" type="stmt"/>
        <line num="78" count="0" type="cond" truecount="0" falsecount="2"/>
        <line num="81" count="0" type="stmt"/>
        <line num="83" count="0" type="stmt"/>
        <line num="84" count="0" type="stmt"/>
        <line num="87" count="0" type="stmt"/>
        <line num="88" count="0" type="stmt"/>
        <line num="89" count="0" type="cond" truecount="0" falsecount="2"/>
        <line num="90" count="0" type="stmt"/>
[...]
        <line num="573" count="0" type="cond" truecount="0" falsecount="4"/>
        <line num="577" count="3" type="stmt"/>
        <line num="579" count="3" type="cond" truecount="1" falsecount="1"/>
        <line num="580" count="0" type="cond" truecount="0" falsecount="4"/>
        <line num="581" count="0" type="stmt"/>
        <line num="583" count="0" type="stmt"/>
        <line num="588" count="3" type="cond" truecount="3" falsecount="1"/>
        <line num="589" count="4" type="stmt"/>
        <line num="590" count="5" type="stmt"/>
        <line num="591" count="5" type="stmt"/>
        <line num="596" count="4" type="stmt"/>
        <line num="597" count="3" type="cond" truecount="1" falsecount="1"/>
        <line num="603" count="3" type="cond" truecount="2" falsecount="0"/>
        <line num="606" count="3" type="cond" truecount="2" falsecount="2"/>
        <line num="607" count="0" type="cond" truecount="0" falsecount="4"/>
        <line num="609" count="3" type="cond" truecount="3" falsecount="0"/>
        <line num="615" count="3" type="cond" truecount="1" falsecount="1"/>
        <line num="619" count="3" type="stmt"/>
        <line num="620" count="3" type="stmt"/>
        <line num="621" count="5" type="cond" truecount="2" falsecount="0"/>
        <line num="622" count="1" type="stmt"/>
        <line num="623" count="1" type="cond" truecount="1" falsecount="1"/>
        <line num="624" count="1" type="stmt"/>
        <line num="625" count="1" type="cond" truecount="1" falsecount="1"/>
        <line num="628" count="3" type="stmt"/>
        <line num="646" count="0" type="cond" truecount="1" falsecount="1"/>
        <line num="654" count="0" type="stmt"/>
        <line num="673" count="0" type="cond" truecount="0" falsecount="2"/>
        <line num="704" count="0" type="cond" truecount="0" falsecount="2"/>
        <line num="705" count="3" type="cond" truecount="0" falsecount="2"/>
        <line num="712" count="3" type="stmt"/>
      </file>
      <file name="ChatHelpers.ts" path="/Users/liuqian/mycode/markus/packages/web-ui/src/pages/ChatHelpers.ts">
        <metrics statements="262" coveredstatements="188" conditionals="338" coveredconditionals="201" methods="43" coveredmethods="33"/>
        <line num="43" count="4" type="cond" truecount="2" falsecount="0"/>
        <line num="51" count="2" type="stmt"/>
        <line num="53" count="2" type="stmt"/>
        <line num="57" count="0" type="cond" truecount="0" falsecount="2"/>
        <line num="58" count="0" type="cond" truecount="0" falsecount="2"/>
        <line num="63" count="0" type="cond" truecount="0" falsecount="2"/>
        <line num="64" count="0" type="cond" truecount="0" falsecount="2"/>
        <line num="82" count="13" type="cond" truecount="2" falsecount="0"/>
        <line num="84" count="3" type="cond" truecount="4" falsecount="0"/>
        <line num="96" count="4" type="stmt"/>
        <line num="97" count="8" type="stmt"/>
        <line num="98" count="8" type="cond" truecount="4" falsecount="0"/>
        <line num="100" count="2" type="stmt"/>
        <line num="105" count="8" type="cond" truecount="4" falsecount="0"/>
        <line num="106" count="3" type="stmt"/>
        <line num="107" count="3" type="stmt"/>
        <line num="108" count="3" type="cond" truecount="4" falsecount="0"/>
        <line num="112" count="3" type="cond" truecount="2" falsecount="0"/>
        <line num="124" count="8" type="stmt"/>
        <line num="125" count="8" type="cond" truecount="4" falsecount="0"/>
        <line num="126" count="5" type="stmt"/>
        <line num="127" count="5" type="cond" truecount="3" falsecount="0"/>
        <line num="129" count="1" type="stmt"/>
        <line num="131" count="3" type="stmt"/>
        <line num="133" count="1" type="stmt"/>
        <line num="144" count="3" type="stmt"/>
        <line num="145" count="3" type="stmt"/>
        <line num="146" count="4" type="cond" truecount="5" falsecount="0"/>
        <line num="147" count="2" type="stmt"/>
        <line num="148" count="2" type="cond" truecount="2" falsecount="0"/>
        <line num="149" count="1" type="stmt"/>
        <line num="151" count="1" type="stmt"/>
        <line num="153" count="2" type="stmt"/>
        <line num="156" count="3" type="stmt"/>
        <line num="172" count="2" type="stmt"/>
        <line num="173" count="2" type="cond" truecount="1" falsecount="1"/>
        <line num="174" count="2" type="stmt"/>
        <line num="175" count="2" type="stmt"/>
        <line num="176" count="2" type="cond" truecount="4" falsecount="0"/>
        <line num="177" count="1" type="stmt"/>
        <line num="178" count="1" type="stmt"/>
        <line num="179" count="1" type="stmt"/>
        <line num="190" count="3" type="stmt"/>
        <line num="191" count="4" type="stmt"/>
        <line num="192" count="4" type="cond" truecount="5" falsecount="0"/>
        <line num="193" count="2" type="stmt"/>
        <line num="194" count="2" type="cond" truecount="2" falsecount="0"/>
        <line num="195" count="2" type="stmt"/>
        <line num="197" count="1" type="stmt"/>
        <line num="198" count="1" type="stmt"/>
        <line num="199" count="1" type="stmt"/>
        <line num="202" count="2" type="stmt"/>
        <line num="206" count="2" type="cond" truecount="1" falsecount="1"/>
        <line num="207" count="2" type="cond" truecount="1" falsecount="1"/>
        <line num="208" count="2" type="cond" truecount="3" falsecount="1"/>
        <line num="209" count="2" type="stmt"/>
        <line num="210" count="2" type="stmt"/>
        <line num="211" count="2" type="stmt"/>
        <line num="212" count="2" type="cond" truecount="1" falsecount="1"/>
        <line num="214" count="2" type="cond" truecount="4" falsecount="0"/>
        <line num="215" count="1" type="stmt"/>
        <line num="217" count="2" type="cond" truecount="2" falsecount="0"/>
        <line num="218" count="1" type="stmt"/>
        <line num="219" count="1" type="stmt"/>
        <line num="220" count="1" type="stmt"/>
        <line num="231" count="6" type="cond" truecount="2" falsecount="0"/>
        <line num="232" count="5" type="stmt"/>
        <line num="233" count="5" type="cond" truecount="2" falsecount="0"/>
        <line num="234" count="2" type="cond" truecount="2" falsecount="0"/>
        <line num="236" count="3" type="stmt"/>
        <line num="241" count="4" type="cond" truecount="2" falsecount="0"/>
        <line num="242" count="3" type="stmt"/>
        <line num="243" count="3" type="cond" truecount="2" falsecount="0"/>
        <line num="244" count="2" type="stmt"/>
        <line num="246" count="1" type="stmt"/>
        <line num="250" count="2" type="stmt"/>
        <line num="253" count="11" type="cond" truecount="2" falsecount="0"/>
        <line num="254" count="8" type="stmt"/>
        <line num="257" count="3" type="stmt"/>
        <line num="258" count="3" type="cond" truecount="1" falsecount="1"/>
        <line num="259" count="3" type="stmt"/>
        <line num="260" count="3" type="cond" truecount="1" falsecount="1"/>
        <line num="262" count="3" type="stmt"/>
        <line num="277" count="2" type="stmt"/>
        <line num="278" count="2" type="stmt"/>
        <line num="281" count="7" type="stmt"/>
        <line num="290" count="1" type="cond" truecount="1" falsecount="1"/>
        <line num="291" count="1" type="cond" truecount="1" falsecount="1"/>
        <line num="292" count="1" type="stmt"/>
        <line num="294" count="0" type="cond" truecount="0" falsecount="4"/>
        <line num="295" count="1" type="cond" truecount="1" falsecount="1"/>
        <line num="296" count="1" type="cond" truecount="1" falsecount="1"/>
        <line num="297" count="1" type="cond" truecount="0" falsecount="2"/>
        <line num="298" count="1" type="stmt"/>
        <line num="316" count="1" type="cond" truecount="2" falsecount="0"/>
        <line num="317" count="1" type="stmt"/>
        <line num="318" count="1" type="stmt"/>
        <line num="319" count="1" type="cond" truecount="1" falsecount="1"/>
        <line num="320" count="1" type="stmt"/>
        <line num="331" count="2" type="stmt"/>
        <line num="332" count="2" type="stmt"/>
        <line num="334" count="1" type="cond" truecount="1" falsecount="1"/>
        <line num="335" count="1" type="stmt"/>
        <line num="336" count="1" type="cond" truecount="1" falsecount="1"/>
        <line num="337" count="1" type="stmt"/>
        <line num="338" count="1" type="cond" truecount="1" falsecount="1"/>
        <line num="339" count="1" type="cond" truecount="1" falsecount="1"/>
        <line num="340" count="1" type="stmt"/>
        <line num="341" count="1" type="stmt"/>
        <line num="345" count="1" type="stmt"/>
        <line num="353" count="1" type="cond" truecount="4" falsecount="1"/>
        <line num="354" count="1" type="stmt"/>
        <line num="356" count="1" type="cond" truecount="4" falsecount="1"/>
        <line num="357" count="0" type="stmt"/>
        <line num="359" count="1" type="cond" truecount="4" falsecount="1"/>
        <line num="360" count="0" type="stmt"/>
        <line num="362" count="1" type="cond" truecount="4" falsecount="4"/>
        <line num="363" count="0" type="stmt"/>
        <line num="365" count="0" type="cond" truecount="0" falsecount="2"/>
        <line num="367" count="1" type="cond" truecount="1" falsecount="1"/>
        <line num="368" count="0" type="stmt"/>
        <line num="371" count="1" type="cond" truecount="2" falsecount="2"/>
        <line num="372" count="0" type="stmt"/>
        <line num="374" count="1" type="cond" truecount="1" falsecount="1"/>
        <line num="375" count="0" type="stmt"/>
        <line num="377" count="1" type="cond" truecount="1" falsecount="1"/>
        <line num="378" count="1" type="stmt"/>
        <line num="379" count="1" type="stmt"/>
        <line num="380" count="1" type="cond" truecount="1" falsecount="1"/>
        <line num="381" count="1" type="cond" truecount="1" falsecount="1"/>
        <line num="383" count="1" type="cond" truecount="1" falsecount="1"/>
        <line num="384" count="1" type="stmt"/>
        <line num="385" count="1" type="stmt"/>
        <line num="386" count="1" type="cond" truecount="3" falsecount="1"/>
        <line num="387" count="1" type="stmt"/>
        <line num="389" count="1" type="cond" truecount="1" falsecount="1"/>
        <line num="390" count="0" type="stmt"/>
        <line num="391" count="0" type="stmt"/>
        <line num="392" count="0" type="stmt"/>
        <line num="393" count="0" type="stmt"/>
        <line num="394" count="0" type="stmt"/>
        <line num="395" count="0" type="stmt"/>
        <line num="396" count="0" type="cond" truecount="0" falsecount="4"/>
        <line num="397" count="0" type="stmt"/>
        <line num="398" count="0" type="cond" truecount="0" falsecount="2"/>
        <line num="399" count="0" type="stmt"/>
        <line num="402" count="1" type="cond" truecount="1" falsecount="1"/>
        <line num="403" count="0" type="stmt"/>
        <line num="404" count="0" type="stmt"/>
        <line num="405" count="0" type="stmt"/>
        <line num="407" count="0" type="stmt"/>
        <line num="409" count="1" type="stmt"/>
        <line num="418" count="2" type="cond" truecount="4" falsecount="1"/>
        <line num="419" count="2" type="stmt"/>
        <line num="420" count="2" type="cond" truecount="2" falsecount="0"/>
        <line num="421" count="1" type="stmt"/>
        <line num="440" count="5" type="stmt"/>
        <line num="441" count="6" type="stmt"/>
        <line num="442" count="6" type="cond" truecount="2" falsecount="0"/>
        <line num="443" count="5" type="cond" truecount="2" falsecount="0"/>
        <line num="444" count="3" type="cond" truecount="1" falsecount="1"/>
        <line num="446" count="0" type="cond" truecount="0" falsecount="4"/>
        <line num="449" count="6" type="cond" truecount="1" falsecount="1"/>
        <line num="452" count="3" type="stmt"/>
        <line num="454" count="1" type="stmt"/>
        <line num="462" count="2" type="cond" truecount="1" falsecount="1"/>
        <line num="463" count="2" type="stmt"/>
        <line num="464" count="2" type="stmt"/>
        <line num="465" count="6" type="stmt"/>
        <line num="466" count="6" type="cond" truecount="2" falsecount="0"/>
        <line num="473" count="1" type="cond" truecount="1" falsecount="1"/>
        <line num="474" count="1" type="cond" truecount="1" falsecount="1"/>
        <line num="475" count="1" type="cond" truecount="4" falsecount="1"/>
        <line num="476" count="1" type="stmt"/>
        <line num="479" count="5" type="stmt"/>
        <line num="481" count="2" type="stmt"/>
        <line num="485" count="0" type="cond" truecount="0" falsecount="3"/>
        <line num="486" count="0" type="cond" truecount="0" falsecount="3"/>
        <line num="487" count="0" type="stmt"/>
        <line num="488" count="0" type="cond" truecount="0" falsecount="6"/>
        <line num="489" count="0" type="stmt"/>
        <line num="491" count="0" type="stmt"/>
        <line num="504" count="0" type="stmt"/>
        <line num="505" count="0" type="cond" truecount="0" falsecount="2"/>
        <line num="506" count="0" type="stmt"/>
        <line num="508" count="0" type="cond" truecount="0" falsecount="4"/>
        <line num="509" count="0" type="stmt"/>
        <line num="510" count="0" type="cond" truecount="0" falsecount="2"/>
        <line num="511" count="0" type="stmt"/>
        <line num="513" count="0" type="cond" truecount="0" falsecount="2"/>
        <line num="514" count="0" type="stmt"/>
        <line num="515" count="0" type="stmt"/>
        <line num="516" count="0" type="stmt"/>
        <line num="527" count="0" type="cond" truecount="0" falsecount="2"/>
        <line num="528" count="0" type="stmt"/>
        <line num="529" count="0" type="stmt"/>
        <line num="532" count="0" type="stmt"/>
        <line num="535" count="2" type="stmt"/>
        <line num="536" count="2" type="stmt"/>
        <line num="538" count="3" type="stmt"/>
        <line num="539" count="3" type="stmt"/>
        <line num="543" count="3" type="cond" truecount="1" falsecount="1"/>
        <line num="546" count="3" type="cond" truecount="1" falsecount="1"/>
        <line num="547" count="3" type="stmt"/>
        <line num="548" count="3" type="cond" truecount="1" falsecount="1"/>
        <line num="550" count="3" type="cond" truecount="1" falsecount="1"/>
        <line num="551" count="3" type="cond" truecount="1" falsecount="1"/>
        <line num="552" count="3" type="stmt"/>
        <line num="554" count="3" type="stmt"/>
        <line num="556" count="3" type="cond" truecount="4" falsecount="0"/>
        <line num="557" count="1" type="cond" truecount="1" falsecount="1"/>
        <line num="558" count="1" type="stmt"/>
        <line num="559" count="3" type="cond" truecount="1" falsecount="1"/>
        <line num="560" count="3" type="cond" truecount="1" falsecount="1"/>
        <line num="561" count="3" type="stmt"/>
        <line num="563" count="3" type="stmt"/>
        <line num="567" count="0" type="cond" truecount="0" falsecount="2"/>
        <line num="568" count="0" type="stmt"/>
        <line num="569" count="0" type="cond" truecount="0" falsecount="2"/>
        <line num="570" count="0" type="stmt"/>
        <line num="574" count="0" type="stmt"/>
        <line num="575" count="0" type="cond" truecount="0" falsecount="2"/>
        <line num="576" count="0" type="stmt"/>
        <line num="577" count="0" type="stmt"/>
        <line num="578" count="0" type="stmt"/>
        <line num="579" count="0" type="cond" truecount="0" falsecount="4"/>
        <line num="580" count="0" type="cond" truecount="0" falsecount="4"/>
        <line num="581" count="0" type="stmt"/>
        <line num="602" count="13" type="cond" truecount="6" falsecount="0"/>
        <line num="603" count="13" type="cond" truecount="6" falsecount="0"/>
        <line num="604" count="10" type="cond" truecount="6" falsecount="0"/>
        <line num="605" count="3" type="cond" truecount="2" falsecount="0"/>
        <line num="607" count="7" type="stmt"/>
        <line num="620" count="10" type="cond" truecount="2" falsecount="0"/>
        <line num="621" count="8" type="cond" truecount="2" falsecount="0"/>
        <line num="622" count="10" type="cond" truecount="4" falsecount="0"/>
        <line num="623" count="10" type="stmt"/>
        <line num="624" count="10" type="cond" truecount="1" falsecount="1"/>
        <line num="628" count="0" type="stmt"/>
        <line num="629" count="0" type="stmt"/>
        <line num="630" count="0" type="stmt"/>
        <line num="631" count="0" type="stmt"/>
        <line num="632" count="0" type="stmt"/>
        <line num="633" count="0" type="cond" truecount="0" falsecount="2"/>
        <line num="634" count="0" type="cond" truecount="0" falsecount="2"/>
        <line num="635" count="0" type="stmt"/>
        <line num="636" count="0" type="stmt"/>
        <line num="638" count="0" type="cond" truecount="0" falsecount="2"/>
        <line num="639" count="0" type="stmt"/>
        <line num="640" count="0" type="stmt"/>
        <line num="641" count="0" type="stmt"/>
        <line num="642" count="0" type="stmt"/>
        <line num="651" count="2" type="stmt"/>
        <line num="653" count="2" type="stmt"/>
        <line num="655" count="2" type="stmt"/>
        <line num="663" count="6" type="cond" truecount="2" falsecount="0"/>
        <line num="664" count="6" type="stmt"/>
        <line num="673" count="6" type="cond" truecount="2" falsecount="0"/>
        <line num="691" count="4" type="cond" truecount="2" falsecount="0"/>
        <line num="723" count="13" type="cond" truecount="2" falsecount="0"/>
        <line num="724" count="8" type="cond" truecount="2" falsecount="0"/>
        <line num="725" count="5" type="cond" truecount="2" falsecount="0"/>
      </file>
      <file name="useChatStore.ts" path="/Users/liuqian/mycode/markus/packages/web-ui/src/pages/useChatStore.ts">
        <metrics statements="28" coveredstatements="22" conditionals="18" coveredconditionals="16" methods="11" coveredmethods="6"/>
        <line num="20" count="1" type="stmt"/>
        <line num="32" count="1" type="stmt"/>
        <line num="33" count="1" type="stmt"/>
        <line num="41" count="17" type="cond" truecount="2" falsecount="0"/>
        <line num="42" count="15" type="stmt"/>
        <line num="43" count="15" type="cond" truecount="4" falsecount="0"/>
        <line num="44" count="6" type="stmt"/>
        <line num="45" count="6" type="stmt"/>
        <line num="46" count="6" type="stmt"/>
        <line num="47" count="9" type="cond" truecount="4" falsecount="0"/>
        <line num="48" count="4" type="stmt"/>
        <line num="49" count="4" type="stmt"/>
        <line num="50" count="4" type="stmt"/>
        <line num="60" count="5" type="cond" truecount="2" falsecount="0"/>
        <line num="61" count="3" type="cond" truecount="2" falsecount="0"/>
        <line num="62" count="2" type="stmt"/>
        <line num="63" count="2" type="stmt"/>
        <line num="68" count="14" type="stmt"/>
        <line num="72" count="12" type="cond" truecount="2" falsecount="0"/>
        <line num="77" count="12" type="stmt"/>
        <line num="81" count="12" type="stmt"/>
        <line num="84" count="0" type="stmt"/>
        <line num="85" count="0" type="stmt"/>
        <line num="86" count="0" type="stmt"/>
        <line num="90" count="1" type="stmt"/>
        <line num="100" count="0" type="cond" truecount="0" falsecount="2"/>
        <line num="101" count="0" type="stmt"/>
        <line num="103" count="0" type="stmt"/>
      </file>
    </package>
  </project>
</coverage>
