{"total": {"lines":{"total":4749,"covered":1495,"skipped":0,"pct":31.48},"statements":{"total":5604,"covered":1677,"skipped":0,"pct":29.92},"functions":{"total":1355,"covered":327,"skipped":0,"pct":24.13},"branches":{"total":4572,"covered":1142,"skipped":0,"pct":24.97},"branchesTrue":{"total":0,"covered":0,"skipped":0,"pct":100}}
,"/Users/liuqian/mycode/markus/vitest.setup.ts": {"lines":{"total":18,"covered":13,"skipped":0,"pct":72.22},"functions":{"total":1,"covered":0,"skipped":0,"pct":0},"statements":{"total":19,"covered":13,"skipped":0,"pct":68.42},"branches":{"total":2,"covered":0,"skipped":0,"pct":0}}
,"/Users/liuqian/mycode/markus/packages/web-ui/src/animationBudget.ts": {"lines":{"total":38,"covered":38,"skipped":0,"pct":100},"functions":{"total":8,"covered":8,"skipped":0,"pct":100},"statements":{"total":42,"covered":41,"skipped":0,"pct":97.61},"branches":{"total":16,"covered":15,"skipped":0,"pct":93.75}}
,"/Users/liuqian/mycode/markus/packages/web-ui/src/api.ts": {"lines":{"total":977,"covered":46,"skipped":0,"pct":4.7},"functions":{"total":412,"covered":8,"skipped":0,"pct":1.94},"statements":{"total":1158,"covered":49,"skipped":0,"pct":4.23},"branches":{"total":693,"covered":16,"skipped":0,"pct":2.3}}
,"/Users/liuqian/mycode/markus/packages/web-ui/src/navBus.ts": {"lines":{"total":12,"covered":3,"skipped":0,"pct":25},"functions":{"total":6,"covered":0,"skipped":0,"pct":0},"statements":{"total":14,"covered":3,"skipped":0,"pct":21.42},"branches":{"total":6,"covered":0,"skipped":0,"pct":0}}
,"/Users/liuqian/mycode/markus/packages/web-ui/src/routes.ts": {"lines":{"total":23,"covered":15,"skipped":0,"pct":65.21},"functions":{"total":7,"covered":3,"skipped":0,"pct":42.85},"statements":{"total":25,"covered":15,"skipped":0,"pct":60},"branches":{"total":10,"covered":0,"skipped":0,"pct":0}}
,"/Users/liuqian/mycode/markus/packages/web-ui/src/components/ActivityIndicator.tsx": {"lines":{"total":48,"covered":14,"skipped":0,"pct":29.16},"functions":{"total":17,"covered":4,"skipped":0,"pct":23.52},"statements":{"total":60,"covered":14,"skipped":0,"pct":23.33},"branches":{"total":63,"covered":7,"skipped":0,"pct":11.11}}
,"/Users/liuqian/mycode/markus/packages/web-ui/src/components/Avatar.tsx": {"lines":{"total":53,"covered":0,"skipped":0,"pct":0},"functions":{"total":14,"covered":0,"skipped":0,"pct":0},"statements":{"total":60,"covered":0,"skipped":0,"pct":0},"branches":{"total":59,"covered":0,"skipped":0,"pct":0}}
,"/Users/liuqian/mycode/markus/packages/web-ui/src/components/CodeBlock.tsx": {"lines":{"total":39,"covered":19,"skipped":0,"pct":48.71},"functions":{"total":9,"covered":4,"skipped":0,"pct":44.44},"statements":{"total":44,"covered":19,"skipped":0,"pct":43.18},"branches":{"total":42,"covered":18,"skipped":0,"pct":42.85}}
,"/Users/liuqian/mycode/markus/packages/web-ui/src/components/CodingToolCard.tsx": {"lines":{"total":40,"covered":4,"skipped":0,"pct":10},"functions":{"total":12,"covered":0,"skipped":0,"pct":0},"statements":{"total":49,"covered":4,"skipped":0,"pct":8.16},"branches":{"total":119,"covered":0,"skipped":0,"pct":0}}
,"/Users/liuqian/mycode/markus/packages/web-ui/src/components/ConfirmModal.tsx": {"lines":{"total":16,"covered":0,"skipped":0,"pct":0},"functions":{"total":8,"covered":0,"skipped":0,"pct":0},"statements":{"total":19,"covered":0,"skipped":0,"pct":0},"branches":{"total":31,"covered":0,"skipped":0,"pct":0}}
,"/Users/liuqian/mycode/markus/packages/web-ui/src/components/DeliverableDetailModal.tsx": {"lines":{"total":18,"covered":3,"skipped":0,"pct":16.66},"functions":{"total":12,"covered":0,"skipped":0,"pct":0},"statements":{"total":23,"covered":3,"skipped":0,"pct":13.04},"branches":{"total":33,"covered":0,"skipped":0,"pct":0}}
,"/Users/liuqian/mycode/markus/packages/web-ui/src/components/DiagramToggleBlock.tsx": {"lines":{"total":11,"covered":5,"skipped":0,"pct":45.45},"functions":{"total":5,"covered":1,"skipped":0,"pct":20},"statements":{"total":12,"covered":5,"skipped":0,"pct":41.66},"branches":{"total":10,"covered":3,"skipped":0,"pct":30}}
,"/Users/liuqian/mycode/markus/packages/web-ui/src/components/DirectoryPreview.tsx": {"lines":{"total":55,"covered":2,"skipped":0,"pct":3.63},"functions":{"total":15,"covered":0,"skipped":0,"pct":0},"statements":{"total":69,"covered":2,"skipped":0,"pct":2.89},"branches":{"total":78,"covered":0,"skipped":0,"pct":0}}
,"/Users/liuqian/mycode/markus/packages/web-ui/src/components/EntityCard.tsx": {"lines":{"total":73,"covered":7,"skipped":0,"pct":9.58},"functions":{"total":20,"covered":1,"skipped":0,"pct":5},"statements":{"total":101,"covered":7,"skipped":0,"pct":6.93},"branches":{"total":81,"covered":0,"skipped":0,"pct":0}}
,"/Users/liuqian/mycode/markus/packages/web-ui/src/components/ErrorBoundary.tsx": {"lines":{"total":17,"covered":4,"skipped":0,"pct":23.52},"functions":{"total":6,"covered":2,"skipped":0,"pct":33.33},"statements":{"total":24,"covered":4,"skipped":0,"pct":16.66},"branches":{"total":20,"covered":1,"skipped":0,"pct":5}}
,"/Users/liuqian/mycode/markus/packages/web-ui/src/components/ExecutionTimeline.tsx": {"lines":{"total":343,"covered":73,"skipped":0,"pct":21.28},"functions":{"total":107,"covered":14,"skipped":0,"pct":13.08},"statements":{"total":391,"covered":78,"skipped":0,"pct":19.94},"branches":{"total":547,"covered":61,"skipped":0,"pct":11.15}}
,"/Users/liuqian/mycode/markus/packages/web-ui/src/components/FilePathLink.tsx": {"lines":{"total":135,"covered":24,"skipped":0,"pct":17.77},"functions":{"total":50,"covered":3,"skipped":0,"pct":6},"statements":{"total":165,"covered":25,"skipped":0,"pct":15.15},"branches":{"total":140,"covered":14,"skipped":0,"pct":10}}
,"/Users/liuqian/mycode/markus/packages/web-ui/src/components/MarkdownComponents.tsx": {"lines":{"total":287,"covered":51,"skipped":0,"pct":17.77},"functions":{"total":69,"covered":13,"skipped":0,"pct":18.84},"statements":{"total":326,"covered":54,"skipped":0,"pct":16.56},"branches":{"total":222,"covered":34,"skipped":0,"pct":15.31}}
,"/Users/liuqian/mycode/markus/packages/web-ui/src/components/MarkdownMessage.tsx": {"lines":{"total":90,"covered":44,"skipped":0,"pct":48.88},"functions":{"total":32,"covered":9,"skipped":0,"pct":28.12},"statements":{"total":108,"covered":48,"skipped":0,"pct":44.44},"branches":{"total":60,"covered":9,"skipped":0,"pct":15}}
,"/Users/liuqian/mycode/markus/packages/web-ui/src/components/MermaidBlock.tsx": {"lines":{"total":50,"covered":1,"skipped":0,"pct":2},"functions":{"total":11,"covered":0,"skipped":0,"pct":0},"statements":{"total":60,"covered":1,"skipped":0,"pct":1.66},"branches":{"total":38,"covered":0,"skipped":0,"pct":0}}
,"/Users/liuqian/mycode/markus/packages/web-ui/src/components/OfficePreviewer.tsx": {"lines":{"total":148,"covered":16,"skipped":0,"pct":10.81},"functions":{"total":35,"covered":1,"skipped":0,"pct":2.85},"statements":{"total":175,"covered":16,"skipped":0,"pct":9.14},"branches":{"total":91,"covered":8,"skipped":0,"pct":8.79}}
,"/Users/liuqian/mycode/markus/packages/web-ui/src/components/PlantUMLBlock.tsx": {"lines":{"total":62,"covered":3,"skipped":0,"pct":4.83},"functions":{"total":25,"covered":0,"skipped":0,"pct":0},"statements":{"total":79,"covered":3,"skipped":0,"pct":3.79},"branches":{"total":40,"covered":0,"skipped":0,"pct":0}}
,"/Users/liuqian/mycode/markus/packages/web-ui/src/components/TypographySettings.tsx": {"lines":{"total":21,"covered":2,"skipped":0,"pct":9.52},"functions":{"total":11,"covered":0,"skipped":0,"pct":0},"statements":{"total":23,"covered":2,"skipped":0,"pct":8.69},"branches":{"total":8,"covered":0,"skipped":0,"pct":0}}
,"/Users/liuqian/mycode/markus/packages/web-ui/src/components/execution-utils.ts": {"lines":{"total":100,"covered":31,"skipped":0,"pct":31},"functions":{"total":19,"covered":9,"skipped":0,"pct":47.36},"statements":{"total":122,"covered":39,"skipped":0,"pct":31.96},"branches":{"total":110,"covered":22,"skipped":0,"pct":20}}
,"/Users/liuqian/mycode/markus/packages/web-ui/src/components/markdown-copy.ts": {"lines":{"total":42,"covered":0,"skipped":0,"pct":0},"functions":{"total":5,"covered":0,"skipped":0,"pct":0},"statements":{"total":43,"covered":0,"skipped":0,"pct":0},"branches":{"total":16,"covered":0,"skipped":0,"pct":0}}
,"/Users/liuqian/mycode/markus/packages/web-ui/src/components/markdown-links.ts": {"lines":{"total":114,"covered":83,"skipped":0,"pct":72.8},"functions":{"total":17,"covered":15,"skipped":0,"pct":88.23},"statements":{"total":135,"covered":94,"skipped":0,"pct":69.62},"branches":{"total":115,"covered":67,"skipped":0,"pct":58.26}}
,"/Users/liuqian/mycode/markus/packages/web-ui/src/components/markdown-utils.ts": {"lines":{"total":82,"covered":68,"skipped":0,"pct":82.92},"functions":{"total":21,"covered":21,"skipped":0,"pct":100},"statements":{"total":92,"covered":75,"skipped":0,"pct":81.52},"branches":{"total":36,"covered":27,"skipped":0,"pct":75}}
,"/Users/liuqian/mycode/markus/packages/web-ui/src/contexts/LayoutContext.tsx": {"lines":{"total":525,"covered":5,"skipped":0,"pct":0.95},"functions":{"total":89,"covered":1,"skipped":0,"pct":1.12},"statements":{"total":609,"covered":5,"skipped":0,"pct":0.82},"branches":{"total":422,"covered":0,"skipped":0,"pct":0}}
,"/Users/liuqian/mycode/markus/packages/web-ui/src/hooks/useElectron.ts": {"lines":{"total":5,"covered":0,"skipped":0,"pct":0},"functions":{"total":3,"covered":0,"skipped":0,"pct":0},"statements":{"total":5,"covered":0,"skipped":0,"pct":0},"branches":{"total":4,"covered":0,"skipped":0,"pct":0}}
,"/Users/liuqian/mycode/markus/packages/web-ui/src/hooks/useHubAccount.ts": {"lines":{"total":32,"covered":32,"skipped":0,"pct":100},"functions":{"total":13,"covered":13,"skipped":0,"pct":100},"statements":{"total":40,"covered":40,"skipped":0,"pct":100},"branches":{"total":12,"covered":10,"skipped":0,"pct":83.33}}
,"/Users/liuqian/mycode/markus/packages/web-ui/src/hooks/useNativeBrowserOverlay.ts": {"lines":{"total":3,"covered":0,"skipped":0,"pct":0},"functions":{"total":2,"covered":0,"skipped":0,"pct":0},"statements":{"total":4,"covered":0,"skipped":0,"pct":0},"branches":{"total":2,"covered":0,"skipped":0,"pct":0}}
,"/Users/liuqian/mycode/markus/packages/web-ui/src/hooks/useUnreadCounts.ts": {"lines":{"total":126,"covered":29,"skipped":0,"pct":23.01},"functions":{"total":29,"covered":3,"skipped":0,"pct":10.34},"statements":{"total":146,"covered":32,"skipped":0,"pct":21.91},"branches":{"total":70,"covered":12,"skipped":0,"pct":17.14}}
,"/Users/liuqian/mycode/markus/packages/web-ui/src/lib/ConversationBufferManager.ts": {"lines":{"total":184,"covered":169,"skipped":0,"pct":91.84},"functions":{"total":36,"covered":34,"skipped":0,"pct":94.44},"statements":{"total":208,"covered":189,"skipped":0,"pct":90.86},"branches":{"total":164,"covered":143,"skipped":0,"pct":87.19}}
,"/Users/liuqian/mycode/markus/packages/web-ui/src/lib/agentOverview.ts": {"lines":{"total":29,"covered":29,"skipped":0,"pct":100},"functions":{"total":14,"covered":14,"skipped":0,"pct":100},"statements":{"total":33,"covered":33,"skipped":0,"pct":100},"branches":{"total":33,"covered":33,"skipped":0,"pct":100}}
,"/Users/liuqian/mycode/markus/packages/web-ui/src/lib/browserAuthUrl.ts": {"lines":{"total":13,"covered":0,"skipped":0,"pct":0},"functions":{"total":1,"covered":0,"skipped":0,"pct":0},"statements":{"total":14,"covered":0,"skipped":0,"pct":0},"branches":{"total":33,"covered":0,"skipped":0,"pct":0}}
,"/Users/liuqian/mycode/markus/packages/web-ui/src/lib/browserUrl.ts": {"lines":{"total":78,"covered":67,"skipped":0,"pct":85.89},"functions":{"total":20,"covered":19,"skipped":0,"pct":95},"statements":{"total":108,"covered":87,"skipped":0,"pct":80.55},"branches":{"total":84,"covered":63,"skipped":0,"pct":75}}
,"/Users/liuqian/mycode/markus/packages/web-ui/src/lib/deliverableShare.ts": {"lines":{"total":76,"covered":69,"skipped":0,"pct":90.78},"functions":{"total":20,"covered":16,"skipped":0,"pct":80},"statements":{"total":86,"covered":76,"skipped":0,"pct":88.37},"branches":{"total":85,"covered":72,"skipped":0,"pct":84.7}}
,"/Users/liuqian/mycode/markus/packages/web-ui/src/lib/hubCredits.ts": {"lines":{"total":18,"covered":18,"skipped":0,"pct":100},"functions":{"total":5,"covered":5,"skipped":0,"pct":100},"statements":{"total":22,"covered":22,"skipped":0,"pct":100},"branches":{"total":41,"covered":39,"skipped":0,"pct":95.12}}
,"/Users/liuqian/mycode/markus/packages/web-ui/src/lib/known-terminals.ts": {"lines":{"total":3,"covered":1,"skipped":0,"pct":33.33},"functions":{"total":2,"covered":0,"skipped":0,"pct":0},"statements":{"total":5,"covered":1,"skipped":0,"pct":20},"branches":{"total":4,"covered":0,"skipped":0,"pct":0}}
,"/Users/liuqian/mycode/markus/packages/web-ui/src/lib/mediaRefs.ts": {"lines":{"total":80,"covered":76,"skipped":0,"pct":95},"functions":{"total":11,"covered":11,"skipped":0,"pct":100},"statements":{"total":97,"covered":86,"skipped":0,"pct":88.65},"branches":{"total":71,"covered":54,"skipped":0,"pct":76.05}}
,"/Users/liuqian/mycode/markus/packages/web-ui/src/lib/mobileTeamNav.ts": {"lines":{"total":7,"covered":7,"skipped":0,"pct":100},"functions":{"total":2,"covered":2,"skipped":0,"pct":100},"statements":{"total":8,"covered":8,"skipped":0,"pct":100},"branches":{"total":10,"covered":10,"skipped":0,"pct":100}}
,"/Users/liuqian/mycode/markus/packages/web-ui/src/lib/namedIcons.tsx": {"lines":{"total":11,"covered":6,"skipped":0,"pct":54.54},"functions":{"total":3,"covered":1,"skipped":0,"pct":33.33},"statements":{"total":14,"covered":6,"skipped":0,"pct":42.85},"branches":{"total":14,"covered":3,"skipped":0,"pct":21.42}}
,"/Users/liuqian/mycode/markus/packages/web-ui/src/lib/nativeBrowserOverlay.ts": {"lines":{"total":25,"covered":2,"skipped":0,"pct":8},"functions":{"total":6,"covered":0,"skipped":0,"pct":0},"statements":{"total":27,"covered":2,"skipped":0,"pct":7.4},"branches":{"total":18,"covered":0,"skipped":0,"pct":0}}
,"/Users/liuqian/mycode/markus/packages/web-ui/src/lib/notebookDisplay.ts": {"lines":{"total":11,"covered":11,"skipped":0,"pct":100},"functions":{"total":2,"covered":2,"skipped":0,"pct":100},"statements":{"total":13,"covered":13,"skipped":0,"pct":100},"branches":{"total":14,"covered":14,"skipped":0,"pct":100}}
,"/Users/liuqian/mycode/markus/packages/web-ui/src/lib/onboarding.ts": {"lines":{"total":16,"covered":14,"skipped":0,"pct":87.5},"functions":{"total":7,"covered":7,"skipped":0,"pct":100},"statements":{"total":17,"covered":15,"skipped":0,"pct":88.23},"branches":{"total":2,"covered":2,"skipped":0,"pct":100}}
,"/Users/liuqian/mycode/markus/packages/web-ui/src/lib/shortcut-lessons.ts": {"lines":{"total":33,"covered":32,"skipped":0,"pct":96.96},"functions":{"total":13,"covered":13,"skipped":0,"pct":100},"statements":{"total":40,"covered":39,"skipped":0,"pct":97.5},"branches":{"total":65,"covered":57,"skipped":0,"pct":87.69}}
,"/Users/liuqian/mycode/markus/packages/web-ui/src/lib/streamResilience.ts": {"lines":{"total":33,"covered":33,"skipped":0,"pct":100},"functions":{"total":8,"covered":8,"skipped":0,"pct":100},"statements":{"total":37,"covered":35,"skipped":0,"pct":94.59},"branches":{"total":22,"covered":18,"skipped":0,"pct":81.81}}
,"/Users/liuqian/mycode/markus/packages/web-ui/src/lib/toolCategories.ts": {"lines":{"total":21,"covered":21,"skipped":0,"pct":100},"functions":{"total":7,"covered":7,"skipped":0,"pct":100},"statements":{"total":29,"covered":29,"skipped":0,"pct":100},"branches":{"total":10,"covered":9,"skipped":0,"pct":90}}
,"/Users/liuqian/mycode/markus/packages/web-ui/src/locales/en/agent.json": {"lines":{"total":0,"covered":0,"skipped":0,"pct":100},"functions":{"total":0,"covered":0,"skipped":0,"pct":100},"statements":{"total":0,"covered":0,"skipped":0,"pct":100},"branches":{"total":0,"covered":0,"skipped":0,"pct":100}}
,"/Users/liuqian/mycode/markus/packages/web-ui/src/locales/en/common.json": {"lines":{"total":0,"covered":0,"skipped":0,"pct":100},"functions":{"total":0,"covered":0,"skipped":0,"pct":100},"statements":{"total":0,"covered":0,"skipped":0,"pct":100},"branches":{"total":0,"covered":0,"skipped":0,"pct":100}}
,"/Users/liuqian/mycode/markus/packages/web-ui/src/locales/en/nav.json": {"lines":{"total":0,"covered":0,"skipped":0,"pct":100},"functions":{"total":0,"covered":0,"skipped":0,"pct":100},"statements":{"total":0,"covered":0,"skipped":0,"pct":100},"branches":{"total":0,"covered":0,"skipped":0,"pct":100}}
,"/Users/liuqian/mycode/markus/packages/web-ui/src/locales/zh-CN/agent.json": {"lines":{"total":0,"covered":0,"skipped":0,"pct":100},"functions":{"total":0,"covered":0,"skipped":0,"pct":100},"statements":{"total":0,"covered":0,"skipped":0,"pct":100},"branches":{"total":0,"covered":0,"skipped":0,"pct":100}}
,"/Users/liuqian/mycode/markus/packages/web-ui/src/locales/zh-CN/common.json": {"lines":{"total":0,"covered":0,"skipped":0,"pct":100},"functions":{"total":0,"covered":0,"skipped":0,"pct":100},"statements":{"total":0,"covered":0,"skipped":0,"pct":100},"branches":{"total":0,"covered":0,"skipped":0,"pct":100}}
,"/Users/liuqian/mycode/markus/packages/web-ui/src/locales/zh-CN/home.json": {"lines":{"total":0,"covered":0,"skipped":0,"pct":100},"functions":{"total":0,"covered":0,"skipped":0,"pct":100},"statements":{"total":0,"covered":0,"skipped":0,"pct":100},"branches":{"total":0,"covered":0,"skipped":0,"pct":100}}
,"/Users/liuqian/mycode/markus/packages/web-ui/src/locales/zh-CN/nav.json": {"lines":{"total":0,"covered":0,"skipped":0,"pct":100},"functions":{"total":0,"covered":0,"skipped":0,"pct":100},"statements":{"total":0,"covered":0,"skipped":0,"pct":100},"branches":{"total":0,"covered":0,"skipped":0,"pct":100}}
,"/Users/liuqian/mycode/markus/packages/web-ui/src/pages/ChatComponents.tsx": {"lines":{"total":218,"covered":95,"skipped":0,"pct":43.57},"functions":{"total":54,"covered":16,"skipped":0,"pct":29.62},"statements":{"total":258,"covered":108,"skipped":0,"pct":41.86},"branches":{"total":350,"covered":84,"skipped":0,"pct":24}}
,"/Users/liuqian/mycode/markus/packages/web-ui/src/pages/ChatHelpers.ts": {"lines":{"total":262,"covered":188,"skipped":0,"pct":71.75},"functions":{"total":43,"covered":33,"skipped":0,"pct":76.74},"statements":{"total":313,"covered":213,"skipped":0,"pct":68.05},"branches":{"total":338,"covered":201,"skipped":0,"pct":59.46}}
,"/Users/liuqian/mycode/markus/packages/web-ui/src/pages/useChatStore.ts": {"lines":{"total":28,"covered":22,"skipped":0,"pct":78.57},"functions":{"total":11,"covered":6,"skipped":0,"pct":54.54},"statements":{"total":33,"covered":24,"skipped":0,"pct":72.72},"branches":{"total":18,"covered":16,"skipped":0,"pct":88.88}}
}
